[train: 1, 50 / 3125] FPS: 141.3 (177.1)  ,  Loss/total: 59.42836  ,  Loss/giou: 1.21046  ,  Loss/l1: 0.27959  ,  Loss/location: 54.60816  ,  Loss/task_class: 1.00137  ,  IoU: 0.08087
[train: 1, 100 / 3125] FPS: 158.2 (185.6)  ,  Loss/total: 40.96470  ,  Loss/giou: 1.15807  ,  Loss/l1: 0.26319  ,  Loss/location: 36.61316  ,  Loss/task_class: 0.71947  ,  IoU: 0.09722
[train: 1, 150 / 3125] FPS: 164.8 (180.1)  ,  Loss/total: 32.51466  ,  Loss/giou: 1.12046  ,  Loss/l1: 0.24974  ,  Loss/location: 28.43642  ,  Loss/task_class: 0.58859  ,  IoU: 0.10950
[train: 1, 200 / 3125] FPS: 168.2 (187.5)  ,  Loss/total: 27.18310  ,  Loss/giou: 1.08398  ,  Loss/l1: 0.23533  ,  Loss/location: 23.34214  ,  Loss/task_class: 0.49635  ,  IoU: 0.12427
[train: 1, 250 / 3125] FPS: 170.5 (167.1)  ,  Loss/total: 23.86911  ,  Loss/giou: 1.06036  ,  Loss/l1: 0.22599  ,  Loss/location: 20.20149  ,  Loss/task_class: 0.41692  ,  IoU: 0.13395
[train: 1, 300 / 3125] FPS: 171.9 (151.4)  ,  Loss/total: 21.16932  ,  Loss/giou: 1.03869  ,  Loss/l1: 0.21662  ,  Loss/location: 17.65050  ,  Loss/task_class: 0.35833  ,  IoU: 0.14502
[train: 1, 350 / 3125] FPS: 173.2 (185.9)  ,  Loss/total: 19.06982  ,  Loss/giou: 1.01607  ,  Loss/l1: 0.20662  ,  Loss/location: 15.69194  ,  Loss/task_class: 0.31265  ,  IoU: 0.15996
[train: 1, 400 / 3125] FPS: 174.3 (169.8)  ,  Loss/total: 17.34491  ,  Loss/giou: 0.99239  ,  Loss/l1: 0.19669  ,  Loss/location: 14.09973  ,  Loss/task_class: 0.27693  ,  IoU: 0.17748
[train: 1, 450 / 3125] FPS: 175.1 (185.4)  ,  Loss/total: 15.92157  ,  Loss/giou: 0.96714  ,  Loss/l1: 0.18704  ,  Loss/location: 12.80311  ,  Loss/task_class: 0.24898  ,  IoU: 0.19627
[train: 1, 500 / 3125] FPS: 175.8 (181.4)  ,  Loss/total: 14.75752  ,  Loss/giou: 0.94508  ,  Loss/l1: 0.17888  ,  Loss/location: 11.74743  ,  Loss/task_class: 0.22554  ,  IoU: 0.21326
[train: 1, 550 / 3125] FPS: 175.8 (173.9)  ,  Loss/total: 13.77282  ,  Loss/giou: 0.92318  ,  Loss/l1: 0.17135  ,  Loss/location: 10.86345  ,  Loss/task_class: 0.20627  ,  IoU: 0.23023
[train: 1, 600 / 3125] FPS: 176.2 (171.8)  ,  Loss/total: 12.91845  ,  Loss/giou: 0.90257  ,  Loss/l1: 0.16475  ,  Loss/location: 10.09983  ,  Loss/task_class: 0.18975  ,  IoU: 0.24613
[train: 1, 650 / 3125] FPS: 176.3 (157.5)  ,  Loss/total: 12.17386  ,  Loss/giou: 0.88324  ,  Loss/l1: 0.15874  ,  Loss/location: 9.43760  ,  Loss/task_class: 0.17610  ,  IoU: 0.26119
[train: 1, 700 / 3125] FPS: 176.5 (188.9)  ,  Loss/total: 11.52524  ,  Loss/giou: 0.86495  ,  Loss/l1: 0.15320  ,  Loss/location: 8.86557  ,  Loss/task_class: 0.16376  ,  IoU: 0.27516
[train: 1, 750 / 3125] FPS: 176.7 (172.2)  ,  Loss/total: 10.96368  ,  Loss/giou: 0.84893  ,  Loss/l1: 0.14843  ,  Loss/location: 8.37046  ,  Loss/task_class: 0.15321  ,  IoU: 0.28770
[train: 1, 800 / 3125] FPS: 176.7 (188.8)  ,  Loss/total: 10.45414  ,  Loss/giou: 0.83396  ,  Loss/l1: 0.14401  ,  Loss/location: 7.92238  ,  Loss/task_class: 0.14378  ,  IoU: 0.29951
[train: 1, 850 / 3125] FPS: 177.0 (185.8)  ,  Loss/total: 9.99909  ,  Loss/giou: 0.81872  ,  Loss/l1: 0.13976  ,  Loss/location: 7.52735  ,  Loss/task_class: 0.13552  ,  IoU: 0.31126
[train: 1, 900 / 3125] FPS: 177.4 (179.9)  ,  Loss/total: 9.58703  ,  Loss/giou: 0.80448  ,  Loss/l1: 0.13598  ,  Loss/location: 7.17006  ,  Loss/task_class: 0.12809  ,  IoU: 0.32247
[train: 1, 950 / 3125] FPS: 177.6 (189.0)  ,  Loss/total: 9.21505  ,  Loss/giou: 0.79156  ,  Loss/l1: 0.13252  ,  Loss/location: 6.84772  ,  Loss/task_class: 0.12161  ,  IoU: 0.33258
[train: 1, 1000 / 3125] FPS: 177.7 (186.4)  ,  Loss/total: 8.87741  ,  Loss/giou: 0.77844  ,  Loss/l1: 0.12910  ,  Loss/location: 6.55924  ,  Loss/task_class: 0.11577  ,  IoU: 0.34266
[train: 1, 1050 / 3125] FPS: 178.0 (187.4)  ,  Loss/total: 8.56830  ,  Loss/giou: 0.76583  ,  Loss/l1: 0.12598  ,  Loss/location: 6.29573  ,  Loss/task_class: 0.11100  ,  IoU: 0.35246
[train: 1, 1100 / 3125] FPS: 178.1 (175.3)  ,  Loss/total: 8.28502  ,  Loss/giou: 0.75470  ,  Loss/l1: 0.12318  ,  Loss/location: 6.05357  ,  Loss/task_class: 0.10614  ,  IoU: 0.36125
[train: 1, 1150 / 3125] FPS: 178.0 (173.8)  ,  Loss/total: 8.02275  ,  Loss/giou: 0.74396  ,  Loss/l1: 0.12048  ,  Loss/location: 5.83077  ,  Loss/task_class: 0.10165  ,  IoU: 0.36968
[train: 1, 1200 / 3125] FPS: 178.1 (187.0)  ,  Loss/total: 7.78166  ,  Loss/giou: 0.73397  ,  Loss/l1: 0.11794  ,  Loss/location: 5.62634  ,  Loss/task_class: 0.09766  ,  IoU: 0.37729
[train: 1, 1250 / 3125] FPS: 178.3 (178.5)  ,  Loss/total: 7.55514  ,  Loss/giou: 0.72384  ,  Loss/l1: 0.11556  ,  Loss/location: 5.43588  ,  Loss/task_class: 0.09381  ,  IoU: 0.38529
[train: 1, 1300 / 3125] FPS: 178.5 (186.0)  ,  Loss/total: 7.34810  ,  Loss/giou: 0.71509  ,  Loss/l1: 0.11344  ,  Loss/location: 5.26046  ,  Loss/task_class: 0.09025  ,  IoU: 0.39218
[train: 1, 1350 / 3125] FPS: 178.6 (184.4)  ,  Loss/total: 7.15434  ,  Loss/giou: 0.70657  ,  Loss/l1: 0.11140  ,  Loss/location: 5.09716  ,  Loss/task_class: 0.08706  ,  IoU: 0.39891
[train: 1, 1400 / 3125] FPS: 177.0 (185.9)  ,  Loss/total: 6.97427  ,  Loss/giou: 0.69863  ,  Loss/l1: 0.10952  ,  Loss/location: 4.94532  ,  Loss/task_class: 0.08408  ,  IoU: 0.40523
[train: 1, 1450 / 3125] FPS: 177.1 (186.7)  ,  Loss/total: 6.80214  ,  Loss/giou: 0.69017  ,  Loss/l1: 0.10755  ,  Loss/location: 4.80277  ,  Loss/task_class: 0.08125  ,  IoU: 0.41185
[train: 1, 1500 / 3125] FPS: 177.2 (175.0)  ,  Loss/total: 6.64056  ,  Loss/giou: 0.68236  ,  Loss/l1: 0.10568  ,  Loss/location: 4.66883  ,  Loss/task_class: 0.07861  ,  IoU: 0.41796
[train: 1, 1550 / 3125] FPS: 177.4 (185.9)  ,  Loss/total: 6.49135  ,  Loss/giou: 0.67546  ,  Loss/l1: 0.10407  ,  Loss/location: 4.54398  ,  Loss/task_class: 0.07612  ,  IoU: 0.42350
[train: 1, 1600 / 3125] FPS: 177.5 (187.1)  ,  Loss/total: 6.34962  ,  Loss/giou: 0.66857  ,  Loss/l1: 0.10250  ,  Loss/location: 4.42609  ,  Loss/task_class: 0.07390  ,  IoU: 0.42893
[train: 1, 1650 / 3125] FPS: 177.5 (166.9)  ,  Loss/total: 6.21434  ,  Loss/giou: 0.66158  ,  Loss/l1: 0.10091  ,  Loss/location: 4.31490  ,  Loss/task_class: 0.07174  ,  IoU: 0.43456
[train: 1, 1700 / 3125] FPS: 177.5 (186.7)  ,  Loss/total: 6.08666  ,  Loss/giou: 0.65497  ,  Loss/l1: 0.09939  ,  Loss/location: 4.21007  ,  Loss/task_class: 0.06971  ,  IoU: 0.43981
[train: 1, 1750 / 3125] FPS: 177.6 (186.6)  ,  Loss/total: 5.96587  ,  Loss/giou: 0.64861  ,  Loss/l1: 0.09796  ,  Loss/location: 4.11106  ,  Loss/task_class: 0.06777  ,  IoU: 0.44490
[train: 1, 1800 / 3125] FPS: 177.8 (187.0)  ,  Loss/total: 5.85213  ,  Loss/giou: 0.64277  ,  Loss/l1: 0.09666  ,  Loss/location: 4.01729  ,  Loss/task_class: 0.06602  ,  IoU: 0.44965
[train: 1, 1850 / 3125] FPS: 177.7 (171.2)  ,  Loss/total: 5.74268  ,  Loss/giou: 0.63659  ,  Loss/l1: 0.09533  ,  Loss/location: 3.92847  ,  Loss/task_class: 0.06436  ,  IoU: 0.45460
[train: 1, 1900 / 3125] FPS: 177.7 (188.5)  ,  Loss/total: 5.63734  ,  Loss/giou: 0.63058  ,  Loss/l1: 0.09401  ,  Loss/location: 3.84344  ,  Loss/task_class: 0.06271  ,  IoU: 0.45933
[train: 1, 1950 / 3125] FPS: 177.7 (177.2)  ,  Loss/total: 5.53891  ,  Loss/giou: 0.62527  ,  Loss/l1: 0.09284  ,  Loss/location: 3.76305  ,  Loss/task_class: 0.06115  ,  IoU: 0.46363
[train: 1, 2000 / 3125] FPS: 177.9 (185.7)  ,  Loss/total: 5.44405  ,  Loss/giou: 0.61984  ,  Loss/l1: 0.09165  ,  Loss/location: 3.68642  ,  Loss/task_class: 0.05967  ,  IoU: 0.46792
[train: 1, 2050 / 3125] FPS: 177.9 (182.4)  ,  Loss/total: 5.35542  ,  Loss/giou: 0.61515  ,  Loss/l1: 0.09064  ,  Loss/location: 3.61358  ,  Loss/task_class: 0.05833  ,  IoU: 0.47172
[train: 1, 2100 / 3125] FPS: 177.9 (184.9)  ,  Loss/total: 5.26834  ,  Loss/giou: 0.61011  ,  Loss/l1: 0.08955  ,  Loss/location: 3.54333  ,  Loss/task_class: 0.05703  ,  IoU: 0.47574
[train: 1, 2150 / 3125] FPS: 178.0 (185.2)  ,  Loss/total: 5.18663  ,  Loss/giou: 0.60556  ,  Loss/l1: 0.08852  ,  Loss/location: 3.47719  ,  Loss/task_class: 0.05571  ,  IoU: 0.47929
[train: 1, 2200 / 3125] FPS: 178.0 (183.7)  ,  Loss/total: 5.10809  ,  Loss/giou: 0.60112  ,  Loss/l1: 0.08758  ,  Loss/location: 3.41344  ,  Loss/task_class: 0.05451  ,  IoU: 0.48290
[train: 1, 2250 / 3125] FPS: 178.1 (185.5)  ,  Loss/total: 5.03338  ,  Loss/giou: 0.59691  ,  Loss/l1: 0.08668  ,  Loss/location: 3.35275  ,  Loss/task_class: 0.05339  ,  IoU: 0.48632
[train: 1, 2300 / 3125] FPS: 178.1 (189.7)  ,  Loss/total: 4.96129  ,  Loss/giou: 0.59287  ,  Loss/l1: 0.08582  ,  Loss/location: 3.29422  ,  Loss/task_class: 0.05227  ,  IoU: 0.48958
[train: 1, 2350 / 3125] FPS: 178.2 (186.1)  ,  Loss/total: 4.89163  ,  Loss/giou: 0.58880  ,  Loss/l1: 0.08495  ,  Loss/location: 3.23805  ,  Loss/task_class: 0.05121  ,  IoU: 0.49283
[train: 1, 2400 / 3125] FPS: 178.3 (177.6)  ,  Loss/total: 4.82513  ,  Loss/giou: 0.58497  ,  Loss/l1: 0.08413  ,  Loss/location: 3.18439  ,  Loss/task_class: 0.05016  ,  IoU: 0.49591
[train: 1, 2450 / 3125] FPS: 178.3 (176.0)  ,  Loss/total: 4.76040  ,  Loss/giou: 0.58114  ,  Loss/l1: 0.08333  ,  Loss/location: 3.13224  ,  Loss/task_class: 0.04924  ,  IoU: 0.49900
[train: 1, 2500 / 3125] FPS: 178.3 (175.8)  ,  Loss/total: 4.69785  ,  Loss/giou: 0.57733  ,  Loss/l1: 0.08252  ,  Loss/location: 3.08232  ,  Loss/task_class: 0.04827  ,  IoU: 0.50208
[train: 1, 2550 / 3125] FPS: 178.1 (166.8)  ,  Loss/total: 4.63651  ,  Loss/giou: 0.57345  ,  Loss/l1: 0.08170  ,  Loss/location: 3.03379  ,  Loss/task_class: 0.04733  ,  IoU: 0.50517
[train: 1, 2600 / 3125] FPS: 178.2 (186.1)  ,  Loss/total: 4.57823  ,  Loss/giou: 0.56985  ,  Loss/l1: 0.08094  ,  Loss/location: 2.98741  ,  Loss/task_class: 0.04644  ,  IoU: 0.50806
[train: 1, 2650 / 3125] FPS: 178.2 (183.5)  ,  Loss/total: 4.52275  ,  Loss/giou: 0.56654  ,  Loss/l1: 0.08025  ,  Loss/location: 2.94281  ,  Loss/task_class: 0.04558  ,  IoU: 0.51078
[train: 1, 2700 / 3125] FPS: 178.3 (165.1)  ,  Loss/total: 4.46701  ,  Loss/giou: 0.56273  ,  Loss/l1: 0.07945  ,  Loss/location: 2.89956  ,  Loss/task_class: 0.04474  ,  IoU: 0.51380
[train: 1, 2750 / 3125] FPS: 178.4 (187.7)  ,  Loss/total: 4.41406  ,  Loss/giou: 0.55926  ,  Loss/l1: 0.07874  ,  Loss/location: 2.85789  ,  Loss/task_class: 0.04395  ,  IoU: 0.51661
[train: 1, 50 / 3125] FPS: 131.5 (161.4)  ,  Loss/total: 19.48888  ,  Loss/giou: 1.17220  ,  Loss/l1: 0.29176  ,  Loss/location: 14.75039  ,  Loss/task_class: 0.93528  ,  IoU: 0.07612
[train: 1, 100 / 3125] FPS: 145.3 (161.2)  ,  Loss/total: 14.32125  ,  Loss/giou: 1.13883  ,  Loss/l1: 0.28446  ,  Loss/location: 10.06183  ,  Loss/task_class: 0.55944  ,  IoU: 0.08747
[train: 1, 150 / 3125] FPS: 151.5 (166.9)  ,  Loss/total: 11.75163  ,  Loss/giou: 1.09469  ,  Loss/l1: 0.26603  ,  Loss/location: 7.84395  ,  Loss/task_class: 0.38814  ,  IoU: 0.10668
[train: 1, 200 / 3125] FPS: 154.2 (155.3)  ,  Loss/total: 10.12892  ,  Loss/giou: 1.04612  ,  Loss/l1: 0.24270  ,  Loss/location: 6.52667  ,  Loss/task_class: 0.29650  ,  IoU: 0.13728
[train: 1, 250 / 3125] FPS: 156.2 (173.6)  ,  Loss/total: 8.99800  ,  Loss/giou: 1.00357  ,  Loss/l1: 0.22113  ,  Loss/location: 5.64627  ,  Loss/task_class: 0.23892  ,  IoU: 0.16844
[train: 1, 300 / 3125] FPS: 157.8 (172.3)  ,  Loss/total: 8.14544  ,  Loss/giou: 0.96114  ,  Loss/l1: 0.20247  ,  Loss/location: 5.01054  ,  Loss/task_class: 0.20026  ,  IoU: 0.20025
[train: 1, 350 / 3125] FPS: 158.9 (172.8)  ,  Loss/total: 7.46869  ,  Loss/giou: 0.92419  ,  Loss/l1: 0.18730  ,  Loss/location: 4.51106  ,  Loss/task_class: 0.17272  ,  IoU: 0.22874
[train: 1, 400 / 3125] FPS: 159.5 (160.0)  ,  Loss/total: 6.93043  ,  Loss/giou: 0.89018  ,  Loss/l1: 0.17452  ,  Loss/location: 4.12613  ,  Loss/task_class: 0.15134  ,  IoU: 0.25495
[train: 1, 450 / 3125] FPS: 160.2 (167.0)  ,  Loss/total: 6.47508  ,  Loss/giou: 0.85993  ,  Loss/l1: 0.16376  ,  Loss/location: 3.80153  ,  Loss/task_class: 0.13490  ,  IoU: 0.27841
[train: 1, 500 / 3125] FPS: 160.5 (157.6)  ,  Loss/total: 6.09810  ,  Loss/giou: 0.83378  ,  Loss/l1: 0.15514  ,  Loss/location: 3.53280  ,  Loss/task_class: 0.12206  ,  IoU: 0.29907
[train: 1, 550 / 3125] FPS: 161.1 (168.4)  ,  Loss/total: 5.77179  ,  Loss/giou: 0.80931  ,  Loss/l1: 0.14741  ,  Loss/location: 3.30497  ,  Loss/task_class: 0.11112  ,  IoU: 0.31826
[train: 1, 600 / 3125] FPS: 161.5 (169.1)  ,  Loss/total: 5.49880  ,  Loss/giou: 0.78935  ,  Loss/l1: 0.14111  ,  Loss/location: 3.11248  ,  Loss/task_class: 0.10208  ,  IoU: 0.33424
[train: 1, 650 / 3125] FPS: 161.8 (167.2)  ,  Loss/total: 5.25416  ,  Loss/giou: 0.76997  ,  Loss/l1: 0.13517  ,  Loss/location: 2.94405  ,  Loss/task_class: 0.09434  ,  IoU: 0.34934
[train: 1, 700 / 3125] FPS: 162.2 (170.5)  ,  Loss/total: 5.04346  ,  Loss/giou: 0.75282  ,  Loss/l1: 0.13017  ,  Loss/location: 2.79888  ,  Loss/task_class: 0.08808  ,  IoU: 0.36304
[train: 1, 750 / 3125] FPS: 162.3 (156.7)  ,  Loss/total: 4.85396  ,  Loss/giou: 0.73663  ,  Loss/l1: 0.12553  ,  Loss/location: 2.67081  ,  Loss/task_class: 0.08223  ,  IoU: 0.37571
[train: 1, 800 / 3125] FPS: 162.4 (155.8)  ,  Loss/total: 4.68939  ,  Loss/giou: 0.72268  ,  Loss/l1: 0.12155  ,  Loss/location: 2.55865  ,  Loss/task_class: 0.07765  ,  IoU: 0.38667
[train: 1, 850 / 3125] FPS: 162.6 (169.6)  ,  Loss/total: 4.54172  ,  Loss/giou: 0.71027  ,  Loss/l1: 0.11792  ,  Loss/location: 2.45846  ,  Loss/task_class: 0.07313  ,  IoU: 0.39643
[train: 1, 900 / 3125] FPS: 159.6 (140.9)  ,  Loss/total: 4.40499  ,  Loss/giou: 0.69792  ,  Loss/l1: 0.11451  ,  Loss/location: 2.36709  ,  Loss/task_class: 0.06951  ,  IoU: 0.40625
[train: 1, 950 / 3125] FPS: 159.9 (166.1)  ,  Loss/total: 4.27943  ,  Loss/giou: 0.68618  ,  Loss/l1: 0.11131  ,  Loss/location: 2.28458  ,  Loss/task_class: 0.06597  ,  IoU: 0.41535
[train: 1, 1000 / 3125] FPS: 160.2 (158.8)  ,  Loss/total: 4.16110  ,  Loss/giou: 0.67467  ,  Loss/l1: 0.10832  ,  Loss/location: 2.20746  ,  Loss/task_class: 0.06273  ,  IoU: 0.42441
[train: 1, 1050 / 3125] FPS: 158.0 (173.7)  ,  Loss/total: 4.05583  ,  Loss/giou: 0.66431  ,  Loss/l1: 0.10562  ,  Loss/location: 2.13927  ,  Loss/task_class: 0.05985  ,  IoU: 0.43250
[train: 1, 1100 / 3125] FPS: 158.4 (171.8)  ,  Loss/total: 3.96043  ,  Loss/giou: 0.65526  ,  Loss/l1: 0.10326  ,  Loss/location: 2.07630  ,  Loss/task_class: 0.05731  ,  IoU: 0.43966
[train: 1, 1150 / 3125] FPS: 158.6 (173.2)  ,  Loss/total: 3.87107  ,  Loss/giou: 0.64639  ,  Loss/l1: 0.10106  ,  Loss/location: 2.01808  ,  Loss/task_class: 0.05493  ,  IoU: 0.44666
[train: 1, 1200 / 3125] FPS: 158.8 (156.5)  ,  Loss/total: 3.78505  ,  Loss/giou: 0.63735  ,  Loss/l1: 0.09886  ,  Loss/location: 1.96336  ,  Loss/task_class: 0.05270  ,  IoU: 0.45372
[train: 1, 1250 / 3125] FPS: 159.0 (168.1)  ,  Loss/total: 3.70368  ,  Loss/giou: 0.62876  ,  Loss/l1: 0.09673  ,  Loss/location: 1.91186  ,  Loss/task_class: 0.05064  ,  IoU: 0.46047
[train: 1, 1300 / 3125] FPS: 159.3 (171.3)  ,  Loss/total: 3.63031  ,  Loss/giou: 0.62104  ,  Loss/l1: 0.09484  ,  Loss/location: 1.86527  ,  Loss/task_class: 0.04875  ,  IoU: 0.46660
[train: 1, 1350 / 3125] FPS: 159.5 (160.4)  ,  Loss/total: 3.56046  ,  Loss/giou: 0.61346  ,  Loss/l1: 0.09306  ,  Loss/location: 1.82123  ,  Loss/task_class: 0.04700  ,  IoU: 0.47266
[train: 1, 1400 / 3125] FPS: 159.6 (172.2)  ,  Loss/total: 3.49821  ,  Loss/giou: 0.60701  ,  Loss/l1: 0.09150  ,  Loss/location: 1.78134  ,  Loss/task_class: 0.04536  ,  IoU: 0.47791
[train: 1, 1450 / 3125] FPS: 159.8 (151.6)  ,  Loss/total: 3.43848  ,  Loss/giou: 0.60061  ,  Loss/l1: 0.08994  ,  Loss/location: 1.74374  ,  Loss/task_class: 0.04382  ,  IoU: 0.48303
[train: 1, 1500 / 3125] FPS: 160.0 (150.6)  ,  Loss/total: 3.38130  ,  Loss/giou: 0.59442  ,  Loss/l1: 0.08849  ,  Loss/location: 1.70760  ,  Loss/task_class: 0.04240  ,  IoU: 0.48796
[train: 1, 1550 / 3125] FPS: 160.1 (162.1)  ,  Loss/total: 3.32719  ,  Loss/giou: 0.58844  ,  Loss/l1: 0.08714  ,  Loss/location: 1.67345  ,  Loss/task_class: 0.04116  ,  IoU: 0.49281
[train: 1, 1600 / 3125] FPS: 160.2 (154.5)  ,  Loss/total: 3.27418  ,  Loss/giou: 0.58232  ,  Loss/l1: 0.08576  ,  Loss/location: 1.64085  ,  Loss/task_class: 0.03989  ,  IoU: 0.49769
[train: 1, 1650 / 3125] FPS: 159.5 (156.0)  ,  Loss/total: 3.22592  ,  Loss/giou: 0.57709  ,  Loss/l1: 0.08451  ,  Loss/location: 1.61048  ,  Loss/task_class: 0.03870  ,  IoU: 0.50187
[train: 1, 1700 / 3125] FPS: 159.7 (168.2)  ,  Loss/total: 3.17963  ,  Loss/giou: 0.57184  ,  Loss/l1: 0.08331  ,  Loss/location: 1.58166  ,  Loss/task_class: 0.03774  ,  IoU: 0.50603
[train: 1, 1750 / 3125] FPS: 159.9 (166.0)  ,  Loss/total: 3.13462  ,  Loss/giou: 0.56665  ,  Loss/l1: 0.08214  ,  Loss/location: 1.55395  ,  Loss/task_class: 0.03669  ,  IoU: 0.51018
[train: 1, 1800 / 3125] FPS: 159.9 (147.4)  ,  Loss/total: 3.09283  ,  Loss/giou: 0.56178  ,  Loss/l1: 0.08103  ,  Loss/location: 1.52838  ,  Loss/task_class: 0.03573  ,  IoU: 0.51408
[train: 1, 1850 / 3125] FPS: 160.0 (171.5)  ,  Loss/total: 3.05344  ,  Loss/giou: 0.55728  ,  Loss/l1: 0.07999  ,  Loss/location: 1.50416  ,  Loss/task_class: 0.03479  ,  IoU: 0.51768
[train: 1, 1900 / 3125] FPS: 160.1 (173.2)  ,  Loss/total: 3.01602  ,  Loss/giou: 0.55297  ,  Loss/l1: 0.07901  ,  Loss/location: 1.48112  ,  Loss/task_class: 0.03392  ,  IoU: 0.52115
[train: 1, 1950 / 3125] FPS: 160.2 (174.1)  ,  Loss/total: 2.97922  ,  Loss/giou: 0.54852  ,  Loss/l1: 0.07803  ,  Loss/location: 1.45899  ,  Loss/task_class: 0.03306  ,  IoU: 0.52465
[train: 1, 2000 / 3125] FPS: 160.2 (170.0)  ,  Loss/total: 2.94275  ,  Loss/giou: 0.54388  ,  Loss/l1: 0.07703  ,  Loss/location: 1.43744  ,  Loss/task_class: 0.03238  ,  IoU: 0.52833
[train: 1, 2050 / 3125] FPS: 160.4 (175.5)  ,  Loss/total: 2.91008  ,  Loss/giou: 0.54013  ,  Loss/l1: 0.07623  ,  Loss/location: 1.41697  ,  Loss/task_class: 0.03169  ,  IoU: 0.53141
[train: 1, 2100 / 3125] FPS: 160.5 (170.7)  ,  Loss/total: 2.87889  ,  Loss/giou: 0.53640  ,  Loss/l1: 0.07546  ,  Loss/location: 1.39787  ,  Loss/task_class: 0.03094  ,  IoU: 0.53441
[train: 1, 2150 / 3125] FPS: 160.6 (142.0)  ,  Loss/total: 2.84727  ,  Loss/giou: 0.53249  ,  Loss/l1: 0.07464  ,  Loss/location: 1.37884  ,  Loss/task_class: 0.03027  ,  IoU: 0.53757
[train: 1, 2200 / 3125] FPS: 160.6 (170.3)  ,  Loss/total: 2.81808  ,  Loss/giou: 0.52905  ,  Loss/l1: 0.07387  ,  Loss/location: 1.36086  ,  Loss/task_class: 0.02976  ,  IoU: 0.54032
[train: 1, 2250 / 3125] FPS: 160.8 (157.2)  ,  Loss/total: 2.78922  ,  Loss/giou: 0.52557  ,  Loss/l1: 0.07309  ,  Loss/location: 1.34343  ,  Loss/task_class: 0.02922  ,  IoU: 0.54311
[train: 1, 2300 / 3125] FPS: 160.8 (171.6)  ,  Loss/total: 2.76320  ,  Loss/giou: 0.52257  ,  Loss/l1: 0.07244  ,  Loss/location: 1.32724  ,  Loss/task_class: 0.02861  ,  IoU: 0.54559
[train: 1, 2350 / 3125] FPS: 160.8 (163.5)  ,  Loss/total: 2.73783  ,  Loss/giou: 0.51959  ,  Loss/l1: 0.07180  ,  Loss/location: 1.31164  ,  Loss/task_class: 0.02803  ,  IoU: 0.54799
[train: 1, 2400 / 3125] FPS: 160.9 (171.8)  ,  Loss/total: 2.71215  ,  Loss/giou: 0.51642  ,  Loss/l1: 0.07113  ,  Loss/location: 1.29614  ,  Loss/task_class: 0.02753  ,  IoU: 0.55053
[train: 1, 2450 / 3125] FPS: 160.9 (155.1)  ,  Loss/total: 2.68608  ,  Loss/giou: 0.51304  ,  Loss/l1: 0.07041  ,  Loss/location: 1.28095  ,  Loss/task_class: 0.02699  ,  IoU: 0.55319
[train: 1, 2500 / 3125] FPS: 161.0 (158.4)  ,  Loss/total: 2.66151  ,  Loss/giou: 0.50987  ,  Loss/l1: 0.06973  ,  Loss/location: 1.26661  ,  Loss/task_class: 0.02648  ,  IoU: 0.55569
[train: 1, 2550 / 3125] FPS: 161.0 (168.2)  ,  Loss/total: 2.63981  ,  Loss/giou: 0.50733  ,  Loss/l1: 0.06917  ,  Loss/location: 1.25334  ,  Loss/task_class: 0.02598  ,  IoU: 0.55775
[train: 1, 2600 / 3125] FPS: 161.1 (168.9)  ,  Loss/total: 2.61705  ,  Loss/giou: 0.50439  ,  Loss/l1: 0.06856  ,  Loss/location: 1.23996  ,  Loss/task_class: 0.02552  ,  IoU: 0.56009
[train: 1, 2650 / 3125] FPS: 161.1 (156.0)  ,  Loss/total: 2.59524  ,  Loss/giou: 0.50157  ,  Loss/l1: 0.06796  ,  Loss/location: 1.22723  ,  Loss/task_class: 0.02508  ,  IoU: 0.56236
[train: 1, 2700 / 3125] FPS: 161.2 (148.8)  ,  Loss/total: 2.57353  ,  Loss/giou: 0.49873  ,  Loss/l1: 0.06736  ,  Loss/location: 1.21465  ,  Loss/task_class: 0.02462  ,  IoU: 0.56463
[train: 1, 2750 / 3125] FPS: 161.3 (171.9)  ,  Loss/total: 2.55368  ,  Loss/giou: 0.49620  ,  Loss/l1: 0.06683  ,  Loss/location: 1.20293  ,  Loss/task_class: 0.02417  ,  IoU: 0.56670
[train: 1, 2800 / 3125] FPS: 161.4 (166.0)  ,  Loss/total: 2.53355  ,  Loss/giou: 0.49358  ,  Loss/l1: 0.06627  ,  Loss/location: 1.19128  ,  Loss/task_class: 0.02374  ,  IoU: 0.56878
[train: 1, 2850 / 3125] FPS: 161.4 (161.5)  ,  Loss/total: 2.51357  ,  Loss/giou: 0.49082  ,  Loss/l1: 0.06571  ,  Loss/location: 1.18003  ,  Loss/task_class: 0.02335  ,  IoU: 0.57096
[train: 1, 2900 / 3125] FPS: 161.5 (160.2)  ,  Loss/total: 2.49470  ,  Loss/giou: 0.48836  ,  Loss/l1: 0.06520  ,  Loss/location: 1.16901  ,  Loss/task_class: 0.02295  ,  IoU: 0.57293
[train: 1, 2950 / 3125] FPS: 161.5 (144.1)  ,  Loss/total: 2.47651  ,  Loss/giou: 0.48600  ,  Loss/l1: 0.06471  ,  Loss/location: 1.15835  ,  Loss/task_class: 0.02262  ,  IoU: 0.57484
[train: 1, 3000 / 3125] FPS: 161.4 (157.1)  ,  Loss/total: 2.45971  ,  Loss/giou: 0.48381  ,  Loss/l1: 0.06427  ,  Loss/location: 1.14843  ,  Loss/task_class: 0.02231  ,  IoU: 0.57664
[train: 1, 3050 / 3125] FPS: 161.4 (140.8)  ,  Loss/total: 2.44229  ,  Loss/giou: 0.48162  ,  Loss/l1: 0.06381  ,  Loss/location: 1.13806  ,  Loss/task_class: 0.02195  ,  IoU: 0.57843
[train: 1, 3100 / 3125] FPS: 161.1 (161.2)  ,  Loss/total: 2.42530  ,  Loss/giou: 0.47940  ,  Loss/l1: 0.06336  ,  Loss/location: 1.12807  ,  Loss/task_class: 0.02163  ,  IoU: 0.58021
[train: 1, 3125 / 3125] FPS: 161.2 (175.6)  ,  Loss/total: 2.41714  ,  Loss/giou: 0.47830  ,  Loss/l1: 0.06315  ,  Loss/location: 1.12333  ,  Loss/task_class: 0.02147  ,  IoU: 0.58110
[train: 2, 50 / 3125] FPS: 136.1 (169.0)  ,  Loss/total: 1.40232  ,  Loss/giou: 0.34331  ,  Loss/l1: 0.03477  ,  Loss/location: 0.53883  ,  Loss/task_class: 0.00300  ,  IoU: 0.68947
[train: 2, 100 / 3125] FPS: 150.4 (156.6)  ,  Loss/total: 1.38569  ,  Loss/giou: 0.34020  ,  Loss/l1: 0.03480  ,  Loss/location: 0.52963  ,  Loss/task_class: 0.00168  ,  IoU: 0.69236
[train: 2, 150 / 3125] FPS: 154.5 (171.0)  ,  Loss/total: 1.39075  ,  Loss/giou: 0.34318  ,  Loss/l1: 0.03576  ,  Loss/location: 0.52441  ,  Loss/task_class: 0.00118  ,  IoU: 0.69133
[train: 2, 200 / 3125] FPS: 156.7 (176.0)  ,  Loss/total: 1.37624  ,  Loss/giou: 0.33984  ,  Loss/l1: 0.03507  ,  Loss/location: 0.52029  ,  Loss/task_class: 0.00091  ,  IoU: 0.69372
[train: 2, 250 / 3125] FPS: 158.3 (169.4)  ,  Loss/total: 1.37584  ,  Loss/giou: 0.33871  ,  Loss/l1: 0.03491  ,  Loss/location: 0.52301  ,  Loss/task_class: 0.00083  ,  IoU: 0.69469
[train: 2, 300 / 3125] FPS: 159.3 (166.5)  ,  Loss/total: 1.37242  ,  Loss/giou: 0.33756  ,  Loss/l1: 0.03471  ,  Loss/location: 0.52205  ,  Loss/task_class: 0.00173  ,  IoU: 0.69556
[train: 2, 350 / 3125] FPS: 159.9 (158.0)  ,  Loss/total: 1.37372  ,  Loss/giou: 0.33737  ,  Loss/l1: 0.03476  ,  Loss/location: 0.52310  ,  Loss/task_class: 0.00207  ,  IoU: 0.69552
[train: 2, 400 / 3125] FPS: 160.7 (151.2)  ,  Loss/total: 1.36605  ,  Loss/giou: 0.33467  ,  Loss/l1: 0.03444  ,  Loss/location: 0.52269  ,  Loss/task_class: 0.00183  ,  IoU: 0.69764
[train: 2, 450 / 3125] FPS: 161.2 (169.6)  ,  Loss/total: 1.36118  ,  Loss/giou: 0.33362  ,  Loss/l1: 0.03436  ,  Loss/location: 0.51973  ,  Loss/task_class: 0.00241  ,  IoU: 0.69867
[train: 2, 500 / 3125] FPS: 161.5 (171.9)  ,  Loss/total: 1.35777  ,  Loss/giou: 0.33314  ,  Loss/l1: 0.03418  ,  Loss/location: 0.51838  ,  Loss/task_class: 0.00221  ,  IoU: 0.69891
[train: 2, 550 / 3125] FPS: 161.8 (165.6)  ,  Loss/total: 1.35442  ,  Loss/giou: 0.33242  ,  Loss/l1: 0.03408  ,  Loss/location: 0.51716  ,  Loss/task_class: 0.00204  ,  IoU: 0.69940
[train: 2, 600 / 3125] FPS: 162.0 (165.6)  ,  Loss/total: 1.34896  ,  Loss/giou: 0.33119  ,  Loss/l1: 0.03380  ,  Loss/location: 0.51562  ,  Loss/task_class: 0.00193  ,  IoU: 0.70020
[train: 2, 650 / 3125] FPS: 162.6 (175.2)  ,  Loss/total: 1.34678  ,  Loss/giou: 0.33097  ,  Loss/l1: 0.03373  ,  Loss/location: 0.51433  ,  Loss/task_class: 0.00186  ,  IoU: 0.70038
[train: 2, 700 / 3125] FPS: 162.7 (170.1)  ,  Loss/total: 1.34724  ,  Loss/giou: 0.33093  ,  Loss/l1: 0.03384  ,  Loss/location: 0.51427  ,  Loss/task_class: 0.00190  ,  IoU: 0.70060
[train: 2, 750 / 3125] FPS: 162.5 (170.7)  ,  Loss/total: 1.34614  ,  Loss/giou: 0.33085  ,  Loss/l1: 0.03388  ,  Loss/location: 0.51311  ,  Loss/task_class: 0.00194  ,  IoU: 0.70076
[train: 2, 800 / 3125] FPS: 162.7 (168.9)  ,  Loss/total: 1.34598  ,  Loss/giou: 0.33062  ,  Loss/l1: 0.03382  ,  Loss/location: 0.51364  ,  Loss/task_class: 0.00200  ,  IoU: 0.70096
[train: 2, 850 / 3125] FPS: 154.8 (162.9)  ,  Loss/total: 1.34416  ,  Loss/giou: 0.33029  ,  Loss/l1: 0.03375  ,  Loss/location: 0.51285  ,  Loss/task_class: 0.00194  ,  IoU: 0.70123
[train: 2, 900 / 3125] FPS: 155.4 (172.9)  ,  Loss/total: 1.33995  ,  Loss/giou: 0.32913  ,  Loss/l1: 0.03356  ,  Loss/location: 0.51169  ,  Loss/task_class: 0.00218  ,  IoU: 0.70212
[train: 2, 950 / 3125] FPS: 156.0 (151.0)  ,  Loss/total: 1.33913  ,  Loss/giou: 0.32893  ,  Loss/l1: 0.03354  ,  Loss/location: 0.51152  ,  Loss/task_class: 0.00207  ,  IoU: 0.70239
[train: 2, 1000 / 3125] FPS: 156.3 (172.9)  ,  Loss/total: 1.33576  ,  Loss/giou: 0.32830  ,  Loss/l1: 0.03343  ,  Loss/location: 0.50999  ,  Loss/task_class: 0.00202  ,  IoU: 0.70286
[train: 2, 1050 / 3125] FPS: 156.7 (149.1)  ,  Loss/total: 1.33426  ,  Loss/giou: 0.32803  ,  Loss/l1: 0.03334  ,  Loss/location: 0.50956  ,  Loss/task_class: 0.00193  ,  IoU: 0.70308
[train: 2, 1100 / 3125] FPS: 157.1 (170.9)  ,  Loss/total: 1.33153  ,  Loss/giou: 0.32725  ,  Loss/l1: 0.03323  ,  Loss/location: 0.50896  ,  Loss/task_class: 0.00192  ,  IoU: 0.70365
[train: 2, 1150 / 3125] FPS: 157.4 (159.4)  ,  Loss/total: 1.32899  ,  Loss/giou: 0.32662  ,  Loss/l1: 0.03317  ,  Loss/location: 0.50803  ,  Loss/task_class: 0.00185  ,  IoU: 0.70418
[train: 2, 1200 / 3125] FPS: 157.7 (153.5)  ,  Loss/total: 1.32689  ,  Loss/giou: 0.32607  ,  Loss/l1: 0.03312  ,  Loss/location: 0.50732  ,  Loss/task_class: 0.00181  ,  IoU: 0.70464
[train: 2, 1250 / 3125] FPS: 158.0 (170.1)  ,  Loss/total: 1.32475  ,  Loss/giou: 0.32551  ,  Loss/l1: 0.03309  ,  Loss/location: 0.50650  ,  Loss/task_class: 0.00181  ,  IoU: 0.70507
[train: 2, 1300 / 3125] FPS: 158.3 (170.7)  ,  Loss/total: 1.32191  ,  Loss/giou: 0.32489  ,  Loss/l1: 0.03301  ,  Loss/location: 0.50533  ,  Loss/task_class: 0.00175  ,  IoU: 0.70562
[train: 2, 1350 / 3125] FPS: 158.5 (163.2)  ,  Loss/total: 1.32253  ,  Loss/giou: 0.32494  ,  Loss/l1: 0.03307  ,  Loss/location: 0.50550  ,  Loss/task_class: 0.00181  ,  IoU: 0.70567
[train: 2, 1400 / 3125] FPS: 158.7 (173.8)  ,  Loss/total: 1.32054  ,  Loss/giou: 0.32446  ,  Loss/l1: 0.03302  ,  Loss/location: 0.50477  ,  Loss/task_class: 0.00175  ,  IoU: 0.70612
[train: 2, 1450 / 3125] FPS: 158.9 (153.5)  ,  Loss/total: 1.32134  ,  Loss/giou: 0.32461  ,  Loss/l1: 0.03305  ,  Loss/location: 0.50493  ,  Loss/task_class: 0.00191  ,  IoU: 0.70604
[train: 2, 1500 / 3125] FPS: 159.0 (162.0)  ,  Loss/total: 1.32030  ,  Loss/giou: 0.32433  ,  Loss/l1: 0.03302  ,  Loss/location: 0.50469  ,  Loss/task_class: 0.00186  ,  IoU: 0.70629
[train: 2, 1550 / 3125] FPS: 159.2 (168.6)  ,  Loss/total: 1.31744  ,  Loss/giou: 0.32373  ,  Loss/l1: 0.03295  ,  Loss/location: 0.50343  ,  Loss/task_class: 0.00180  ,  IoU: 0.70678
[train: 2, 1600 / 3125] FPS: 159.4 (155.7)  ,  Loss/total: 1.31332  ,  Loss/giou: 0.32279  ,  Loss/l1: 0.03279  ,  Loss/location: 0.50204  ,  Loss/task_class: 0.00175  ,  IoU: 0.70753
[train: 2, 1650 / 3125] FPS: 159.5 (158.1)  ,  Loss/total: 1.31074  ,  Loss/giou: 0.32222  ,  Loss/l1: 0.03270  ,  Loss/location: 0.50102  ,  Loss/task_class: 0.00177  ,  IoU: 0.70800
[train: 2, 1700 / 3125] FPS: 159.7 (163.2)  ,  Loss/total: 1.30693  ,  Loss/giou: 0.32110  ,  Loss/l1: 0.03254  ,  Loss/location: 0.50017  ,  Loss/task_class: 0.00186  ,  IoU: 0.70890
[train: 2, 1750 / 3125] FPS: 159.8 (169.6)  ,  Loss/total: 1.30349  ,  Loss/giou: 0.32025  ,  Loss/l1: 0.03245  ,  Loss/location: 0.49882  ,  Loss/task_class: 0.00194  ,  IoU: 0.70965
[train: 2, 1800 / 3125] FPS: 159.8 (170.3)  ,  Loss/total: 1.30216  ,  Loss/giou: 0.32001  ,  Loss/l1: 0.03241  ,  Loss/location: 0.49818  ,  Loss/task_class: 0.00190  ,  IoU: 0.70988
[train: 2, 1850 / 3125] FPS: 159.9 (167.1)  ,  Loss/total: 1.30017  ,  Loss/giou: 0.31943  ,  Loss/l1: 0.03233  ,  Loss/location: 0.49768  ,  Loss/task_class: 0.00198  ,  IoU: 0.71034
[train: 2, 1900 / 3125] FPS: 159.9 (170.4)  ,  Loss/total: 1.29809  ,  Loss/giou: 0.31902  ,  Loss/l1: 0.03226  ,  Loss/location: 0.49681  ,  Loss/task_class: 0.00193  ,  IoU: 0.71073
[train: 2, 1950 / 3125] FPS: 160.0 (164.2)  ,  Loss/total: 1.29515  ,  Loss/giou: 0.31836  ,  Loss/l1: 0.03216  ,  Loss/location: 0.49570  ,  Loss/task_class: 0.00192  ,  IoU: 0.71127
[train: 2, 2000 / 3125] FPS: 160.1 (168.7)  ,  Loss/total: 1.29365  ,  Loss/giou: 0.31801  ,  Loss/l1: 0.03213  ,  Loss/location: 0.49509  ,  Loss/task_class: 0.00191  ,  IoU: 0.71156
[train: 2, 2050 / 3125] FPS: 160.1 (165.2)  ,  Loss/total: 1.29191  ,  Loss/giou: 0.31772  ,  Loss/l1: 0.03210  ,  Loss/location: 0.49409  ,  Loss/task_class: 0.00188  ,  IoU: 0.71186
[train: 2, 2100 / 3125] FPS: 159.9 (167.5)  ,  Loss/total: 1.28932  ,  Loss/giou: 0.31718  ,  Loss/l1: 0.03199  ,  Loss/location: 0.49317  ,  Loss/task_class: 0.00184  ,  IoU: 0.71222
[train: 2, 2150 / 3125] FPS: 159.9 (171.7)  ,  Loss/total: 1.28722  ,  Loss/giou: 0.31678  ,  Loss/l1: 0.03194  ,  Loss/location: 0.49214  ,  Loss/task_class: 0.00182  ,  IoU: 0.71255
[train: 2, 2200 / 3125] FPS: 160.0 (170.9)  ,  Loss/total: 1.28462  ,  Loss/giou: 0.31613  ,  Loss/l1: 0.03184  ,  Loss/location: 0.49128  ,  Loss/task_class: 0.00189  ,  IoU: 0.71306
[train: 2, 2250 / 3125] FPS: 160.1 (169.2)  ,  Loss/total: 1.28318  ,  Loss/giou: 0.31577  ,  Loss/l1: 0.03179  ,  Loss/location: 0.49084  ,  Loss/task_class: 0.00186  ,  IoU: 0.71339
[train: 2, 2300 / 3125] FPS: 160.2 (167.3)  ,  Loss/total: 1.28075  ,  Loss/giou: 0.31512  ,  Loss/l1: 0.03168  ,  Loss/location: 0.49020  ,  Loss/task_class: 0.00190  ,  IoU: 0.71389
[train: 2, 2350 / 3125] FPS: 160.2 (157.1)  ,  Loss/total: 1.27912  ,  Loss/giou: 0.31467  ,  Loss/l1: 0.03163  ,  Loss/location: 0.48974  ,  Loss/task_class: 0.00190  ,  IoU: 0.71427
[train: 2, 2400 / 3125] FPS: 160.3 (169.6)  ,  Loss/total: 1.27658  ,  Loss/giou: 0.31403  ,  Loss/l1: 0.03152  ,  Loss/location: 0.48906  ,  Loss/task_class: 0.00186  ,  IoU: 0.71474
[train: 2, 2450 / 3125] FPS: 159.4 (169.1)  ,  Loss/total: 1.27616  ,  Loss/giou: 0.31380  ,  Loss/l1: 0.03150  ,  Loss/location: 0.48910  ,  Loss/task_class: 0.00195  ,  IoU: 0.71498
[train: 2, 2500 / 3125] FPS: 159.5 (171.0)  ,  Loss/total: 1.27420  ,  Loss/giou: 0.31337  ,  Loss/l1: 0.03145  ,  Loss/location: 0.48829  ,  Loss/task_class: 0.00192  ,  IoU: 0.71535
[train: 2, 2550 / 3125] FPS: 159.6 (150.6)  ,  Loss/total: 1.27213  ,  Loss/giou: 0.31291  ,  Loss/l1: 0.03138  ,  Loss/location: 0.48749  ,  Loss/task_class: 0.00191  ,  IoU: 0.71573
[train: 2, 2600 / 3125] FPS: 159.6 (141.6)  ,  Loss/total: 1.27044  ,  Loss/giou: 0.31256  ,  Loss/l1: 0.03133  ,  Loss/location: 0.48678  ,  Loss/task_class: 0.00187  ,  IoU: 0.71606
[train: 2, 2650 / 3125] FPS: 159.6 (155.1)  ,  Loss/total: 1.26885  ,  Loss/giou: 0.31210  ,  Loss/l1: 0.03129  ,  Loss/location: 0.48635  ,  Loss/task_class: 0.00187  ,  IoU: 0.71645
[train: 2, 2700 / 3125] FPS: 159.7 (154.6)  ,  Loss/total: 1.26676  ,  Loss/giou: 0.31166  ,  Loss/l1: 0.03122  ,  Loss/location: 0.48548  ,  Loss/task_class: 0.00185  ,  IoU: 0.71679
[train: 2, 2750 / 3125] FPS: 159.8 (160.2)  ,  Loss/total: 1.26533  ,  Loss/giou: 0.31129  ,  Loss/l1: 0.03120  ,  Loss/location: 0.48490  ,  Loss/task_class: 0.00184  ,  IoU: 0.71714
[train: 2, 2800 / 3125] FPS: 159.8 (171.0)  ,  Loss/total: 1.26276  ,  Loss/giou: 0.31072  ,  Loss/l1: 0.03111  ,  Loss/location: 0.48385  ,  Loss/task_class: 0.00189  ,  IoU: 0.71758
[train: 2, 2850 / 3125] FPS: 160.0 (173.8)  ,  Loss/total: 1.26109  ,  Loss/giou: 0.31036  ,  Loss/l1: 0.03109  ,  Loss/location: 0.48308  ,  Loss/task_class: 0.00186  ,  IoU: 0.71791
[train: 2, 2900 / 3125] FPS: 159.8 (29.4)  ,  Loss/total: 1.26010  ,  Loss/giou: 0.31014  ,  Loss/l1: 0.03106  ,  Loss/location: 0.48270  ,  Loss/task_class: 0.00184  ,  IoU: 0.71813
[train: 2, 2950 / 3125] FPS: 159.8 (153.8)  ,  Loss/total: 1.25793  ,  Loss/giou: 0.30968  ,  Loss/l1: 0.03099  ,  Loss/location: 0.48183  ,  Loss/task_class: 0.00181  ,  IoU: 0.71851
[train: 2, 3000 / 3125] FPS: 159.8 (170.1)  ,  Loss/total: 1.25629  ,  Loss/giou: 0.30929  ,  Loss/l1: 0.03096  ,  Loss/location: 0.48112  ,  Loss/task_class: 0.00180  ,  IoU: 0.71886
[train: 2, 3050 / 3125] FPS: 159.9 (158.0)  ,  Loss/total: 1.25478  ,  Loss/giou: 0.30896  ,  Loss/l1: 0.03094  ,  Loss/location: 0.48040  ,  Loss/task_class: 0.00177  ,  IoU: 0.71920
[train: 2, 3100 / 3125] FPS: 159.9 (167.4)  ,  Loss/total: 1.25337  ,  Loss/giou: 0.30865  ,  Loss/l1: 0.03089  ,  Loss/location: 0.47986  ,  Loss/task_class: 0.00177  ,  IoU: 0.71946
[train: 2, 3125 / 3125] FPS: 160.0 (163.5)  ,  Loss/total: 1.25326  ,  Loss/giou: 0.30863  ,  Loss/l1: 0.03090  ,  Loss/location: 0.47975  ,  Loss/task_class: 0.00178  ,  IoU: 0.71950
[train: 3, 50 / 3125] FPS: 122.1 (174.8)  ,  Loss/total: 1.20195  ,  Loss/giou: 0.29457  ,  Loss/l1: 0.03010  ,  Loss/location: 0.46189  ,  Loss/task_class: 0.00044  ,  IoU: 0.73443
[train: 3, 100 / 3125] FPS: 143.1 (167.5)  ,  Loss/total: 1.17407  ,  Loss/giou: 0.28623  ,  Loss/l1: 0.02853  ,  Loss/location: 0.45872  ,  Loss/task_class: 0.00024  ,  IoU: 0.74008
[train: 3, 150 / 3125] FPS: 151.7 (182.4)  ,  Loss/total: 1.17926  ,  Loss/giou: 0.28806  ,  Loss/l1: 0.02873  ,  Loss/location: 0.45929  ,  Loss/task_class: 0.00023  ,  IoU: 0.73841
[train: 3, 200 / 3125] FPS: 157.2 (166.0)  ,  Loss/total: 1.18387  ,  Loss/giou: 0.28932  ,  Loss/l1: 0.02883  ,  Loss/location: 0.46085  ,  Loss/task_class: 0.00021  ,  IoU: 0.73716
[train: 3, 250 / 3125] FPS: 161.1 (179.9)  ,  Loss/total: 1.18086  ,  Loss/giou: 0.28931  ,  Loss/l1: 0.02856  ,  Loss/location: 0.45926  ,  Loss/task_class: 0.00017  ,  IoU: 0.73656
[train: 3, 300 / 3125] FPS: 161.8 (153.8)  ,  Loss/total: 1.16674  ,  Loss/giou: 0.28648  ,  Loss/l1: 0.02801  ,  Loss/location: 0.45357  ,  Loss/task_class: 0.00015  ,  IoU: 0.73856
[train: 3, 350 / 3125] FPS: 162.7 (169.6)  ,  Loss/total: 1.16923  ,  Loss/giou: 0.28722  ,  Loss/l1: 0.02821  ,  Loss/location: 0.45361  ,  Loss/task_class: 0.00013  ,  IoU: 0.73799
[train: 3, 400 / 3125] FPS: 163.6 (160.7)  ,  Loss/total: 1.16141  ,  Loss/giou: 0.28572  ,  Loss/l1: 0.02796  ,  Loss/location: 0.45004  ,  Loss/task_class: 0.00013  ,  IoU: 0.73919
[train: 3, 450 / 3125] FPS: 164.9 (187.3)  ,  Loss/total: 1.15754  ,  Loss/giou: 0.28507  ,  Loss/l1: 0.02782  ,  Loss/location: 0.44788  ,  Loss/task_class: 0.00043  ,  IoU: 0.73956
[train: 3, 500 / 3125] FPS: 166.3 (188.8)  ,  Loss/total: 1.15922  ,  Loss/giou: 0.28578  ,  Loss/l1: 0.02797  ,  Loss/location: 0.44736  ,  Loss/task_class: 0.00046  ,  IoU: 0.73914
[train: 3, 550 / 3125] FPS: 167.3 (183.6)  ,  Loss/total: 1.15748  ,  Loss/giou: 0.28542  ,  Loss/l1: 0.02786  ,  Loss/location: 0.44654  ,  Loss/task_class: 0.00078  ,  IoU: 0.73935
[train: 3, 600 / 3125] FPS: 168.3 (181.9)  ,  Loss/total: 1.15519  ,  Loss/giou: 0.28489  ,  Loss/l1: 0.02770  ,  Loss/location: 0.44620  ,  Loss/task_class: 0.00072  ,  IoU: 0.73973
[train: 3, 650 / 3125] FPS: 168.8 (184.2)  ,  Loss/total: 1.15041  ,  Loss/giou: 0.28400  ,  Loss/l1: 0.02752  ,  Loss/location: 0.44406  ,  Loss/task_class: 0.00073  ,  IoU: 0.74031
[train: 3, 700 / 3125] FPS: 169.3 (183.0)  ,  Loss/total: 1.14872  ,  Loss/giou: 0.28384  ,  Loss/l1: 0.02751  ,  Loss/location: 0.44266  ,  Loss/task_class: 0.00083  ,  IoU: 0.74044
[train: 3, 750 / 3125] FPS: 166.2 (173.5)  ,  Loss/total: 1.14913  ,  Loss/giou: 0.28362  ,  Loss/l1: 0.02749  ,  Loss/location: 0.44362  ,  Loss/task_class: 0.00083  ,  IoU: 0.74075
[train: 3, 800 / 3125] FPS: 165.7 (182.3)  ,  Loss/total: 1.14701  ,  Loss/giou: 0.28307  ,  Loss/l1: 0.02738  ,  Loss/location: 0.44317  ,  Loss/task_class: 0.00082  ,  IoU: 0.74114
[train: 3, 850 / 3125] FPS: 166.2 (165.5)  ,  Loss/total: 1.14656  ,  Loss/giou: 0.28292  ,  Loss/l1: 0.02734  ,  Loss/location: 0.44320  ,  Loss/task_class: 0.00080  ,  IoU: 0.74119
[train: 3, 900 / 3125] FPS: 166.8 (166.5)  ,  Loss/total: 1.14486  ,  Loss/giou: 0.28246  ,  Loss/l1: 0.02732  ,  Loss/location: 0.44259  ,  Loss/task_class: 0.00076  ,  IoU: 0.74164
[train: 3, 950 / 3125] FPS: 167.2 (188.7)  ,  Loss/total: 1.14388  ,  Loss/giou: 0.28210  ,  Loss/l1: 0.02730  ,  Loss/location: 0.44247  ,  Loss/task_class: 0.00072  ,  IoU: 0.74200
[train: 3, 1000 / 3125] FPS: 167.5 (178.7)  ,  Loss/total: 1.14133  ,  Loss/giou: 0.28175  ,  Loss/l1: 0.02723  ,  Loss/location: 0.44102  ,  Loss/task_class: 0.00069  ,  IoU: 0.74227
[train: 3, 1050 / 3125] FPS: 167.5 (171.3)  ,  Loss/total: 1.14112  ,  Loss/giou: 0.28185  ,  Loss/l1: 0.02729  ,  Loss/location: 0.44029  ,  Loss/task_class: 0.00066  ,  IoU: 0.74226
[train: 3, 1100 / 3125] FPS: 167.7 (154.4)  ,  Loss/total: 1.13996  ,  Loss/giou: 0.28163  ,  Loss/l1: 0.02726  ,  Loss/location: 0.43970  ,  Loss/task_class: 0.00071  ,  IoU: 0.74249
[train: 3, 1150 / 3125] FPS: 167.7 (152.1)  ,  Loss/total: 1.13932  ,  Loss/giou: 0.28161  ,  Loss/l1: 0.02723  ,  Loss/location: 0.43919  ,  Loss/task_class: 0.00077  ,  IoU: 0.74254
[train: 3, 1200 / 3125] FPS: 167.9 (161.0)  ,  Loss/total: 1.13730  ,  Loss/giou: 0.28107  ,  Loss/l1: 0.02717  ,  Loss/location: 0.43833  ,  Loss/task_class: 0.00097  ,  IoU: 0.74296
[train: 3, 1250 / 3125] FPS: 167.7 (183.2)  ,  Loss/total: 1.13704  ,  Loss/giou: 0.28120  ,  Loss/l1: 0.02721  ,  Loss/location: 0.43755  ,  Loss/task_class: 0.00107  ,  IoU: 0.74291
[train: 3, 1300 / 3125] FPS: 167.8 (152.9)  ,  Loss/total: 1.13648  ,  Loss/giou: 0.28095  ,  Loss/l1: 0.02719  ,  Loss/location: 0.43762  ,  Loss/task_class: 0.00103  ,  IoU: 0.74313
[train: 3, 1350 / 3125] FPS: 167.7 (169.9)  ,  Loss/total: 1.13546  ,  Loss/giou: 0.28069  ,  Loss/l1: 0.02717  ,  Loss/location: 0.43721  ,  Loss/task_class: 0.00100  ,  IoU: 0.74339
[train: 3, 1400 / 3125] FPS: 167.9 (156.3)  ,  Loss/total: 1.13439  ,  Loss/giou: 0.28049  ,  Loss/l1: 0.02713  ,  Loss/location: 0.43678  ,  Loss/task_class: 0.00096  ,  IoU: 0.74356
[train: 3, 1450 / 3125] FPS: 167.9 (184.4)  ,  Loss/total: 1.13290  ,  Loss/giou: 0.28015  ,  Loss/l1: 0.02713  ,  Loss/location: 0.43604  ,  Loss/task_class: 0.00093  ,  IoU: 0.74389
[train: 3, 1500 / 3125] FPS: 168.0 (175.4)  ,  Loss/total: 1.13104  ,  Loss/giou: 0.27971  ,  Loss/l1: 0.02709  ,  Loss/location: 0.43527  ,  Loss/task_class: 0.00090  ,  IoU: 0.74432
[train: 3, 1550 / 3125] FPS: 168.1 (177.5)  ,  Loss/total: 1.12942  ,  Loss/giou: 0.27925  ,  Loss/l1: 0.02703  ,  Loss/location: 0.43489  ,  Loss/task_class: 0.00088  ,  IoU: 0.74467
[train: 3, 1600 / 3125] FPS: 168.3 (184.8)  ,  Loss/total: 1.12829  ,  Loss/giou: 0.27894  ,  Loss/l1: 0.02698  ,  Loss/location: 0.43467  ,  Loss/task_class: 0.00085  ,  IoU: 0.74491
[train: 3, 1650 / 3125] FPS: 168.3 (168.1)  ,  Loss/total: 1.12571  ,  Loss/giou: 0.27826  ,  Loss/l1: 0.02687  ,  Loss/location: 0.43394  ,  Loss/task_class: 0.00090  ,  IoU: 0.74542
[train: 3, 1700 / 3125] FPS: 168.2 (174.4)  ,  Loss/total: 1.12538  ,  Loss/giou: 0.27815  ,  Loss/l1: 0.02685  ,  Loss/location: 0.43389  ,  Loss/task_class: 0.00091  ,  IoU: 0.74557
[train: 3, 1750 / 3125] FPS: 168.4 (184.7)  ,  Loss/total: 1.12339  ,  Loss/giou: 0.27774  ,  Loss/l1: 0.02678  ,  Loss/location: 0.43311  ,  Loss/task_class: 0.00089  ,  IoU: 0.74586
[train: 3, 1800 / 3125] FPS: 168.7 (176.7)  ,  Loss/total: 1.12130  ,  Loss/giou: 0.27728  ,  Loss/l1: 0.02671  ,  Loss/location: 0.43233  ,  Loss/task_class: 0.00086  ,  IoU: 0.74622
[train: 3, 1850 / 3125] FPS: 168.3 (182.2)  ,  Loss/total: 1.12102  ,  Loss/giou: 0.27727  ,  Loss/l1: 0.02671  ,  Loss/location: 0.43210  ,  Loss/task_class: 0.00084  ,  IoU: 0.74625
[train: 3, 1900 / 3125] FPS: 168.5 (174.3)  ,  Loss/total: 1.11946  ,  Loss/giou: 0.27692  ,  Loss/l1: 0.02665  ,  Loss/location: 0.43148  ,  Loss/task_class: 0.00086  ,  IoU: 0.74655
[train: 3, 1950 / 3125] FPS: 168.6 (185.0)  ,  Loss/total: 1.11886  ,  Loss/giou: 0.27685  ,  Loss/l1: 0.02664  ,  Loss/location: 0.43105  ,  Loss/task_class: 0.00090  ,  IoU: 0.74661
[train: 3, 2000 / 3125] FPS: 168.0 (175.0)  ,  Loss/total: 1.11715  ,  Loss/giou: 0.27636  ,  Loss/l1: 0.02659  ,  Loss/location: 0.43036  ,  Loss/task_class: 0.00110  ,  IoU: 0.74701
[train: 3, 2050 / 3125] FPS: 167.8 (184.9)  ,  Loss/total: 1.11600  ,  Loss/giou: 0.27615  ,  Loss/l1: 0.02656  ,  Loss/location: 0.42977  ,  Loss/task_class: 0.00116  ,  IoU: 0.74719
[train: 3, 2100 / 3125] FPS: 168.0 (177.2)  ,  Loss/total: 1.11441  ,  Loss/giou: 0.27580  ,  Loss/l1: 0.02652  ,  Loss/location: 0.42905  ,  Loss/task_class: 0.00113  ,  IoU: 0.74754
[train: 3, 2150 / 3125] FPS: 168.2 (182.0)  ,  Loss/total: 1.11359  ,  Loss/giou: 0.27563  ,  Loss/l1: 0.02651  ,  Loss/location: 0.42865  ,  Loss/task_class: 0.00111  ,  IoU: 0.74770
[train: 3, 2200 / 3125] FPS: 168.1 (169.4)  ,  Loss/total: 1.11319  ,  Loss/giou: 0.27552  ,  Loss/l1: 0.02650  ,  Loss/location: 0.42854  ,  Loss/task_class: 0.00109  ,  IoU: 0.74783
[train: 3, 2250 / 3125] FPS: 168.2 (173.5)  ,  Loss/total: 1.11261  ,  Loss/giou: 0.27533  ,  Loss/l1: 0.02649  ,  Loss/location: 0.42844  ,  Loss/task_class: 0.00107  ,  IoU: 0.74801
[train: 3, 2300 / 3125] FPS: 168.3 (151.8)  ,  Loss/total: 1.11227  ,  Loss/giou: 0.27513  ,  Loss/l1: 0.02646  ,  Loss/location: 0.42864  ,  Loss/task_class: 0.00105  ,  IoU: 0.74821
[train: 3, 2350 / 3125] FPS: 168.4 (164.3)  ,  Loss/total: 1.11177  ,  Loss/giou: 0.27508  ,  Loss/l1: 0.02644  ,  Loss/location: 0.42836  ,  Loss/task_class: 0.00103  ,  IoU: 0.74824
[train: 3, 2400 / 3125] FPS: 168.5 (166.3)  ,  Loss/total: 1.10999  ,  Loss/giou: 0.27474  ,  Loss/l1: 0.02638  ,  Loss/location: 0.42758  ,  Loss/task_class: 0.00101  ,  IoU: 0.74850
[train: 3, 2450 / 3125] FPS: 168.4 (151.4)  ,  Loss/total: 1.10918  ,  Loss/giou: 0.27466  ,  Loss/l1: 0.02636  ,  Loss/location: 0.42707  ,  Loss/task_class: 0.00099  ,  IoU: 0.74859
[train: 3, 2500 / 3125] FPS: 168.4 (176.5)  ,  Loss/total: 1.10855  ,  Loss/giou: 0.27443  ,  Loss/l1: 0.02634  ,  Loss/location: 0.42699  ,  Loss/task_class: 0.00097  ,  IoU: 0.74881
[train: 3, 2550 / 3125] FPS: 168.5 (173.3)  ,  Loss/total: 1.10798  ,  Loss/giou: 0.27425  ,  Loss/l1: 0.02633  ,  Loss/location: 0.42685  ,  Loss/task_class: 0.00095  ,  IoU: 0.74898
[train: 3, 2600 / 3125] FPS: 168.5 (182.6)  ,  Loss/total: 1.10711  ,  Loss/giou: 0.27407  ,  Loss/l1: 0.02629  ,  Loss/location: 0.42655  ,  Loss/task_class: 0.00098  ,  IoU: 0.74911
[train: 3, 2650 / 3125] FPS: 168.7 (174.2)  ,  Loss/total: 1.10606  ,  Loss/giou: 0.27379  ,  Loss/l1: 0.02625  ,  Loss/location: 0.42625  ,  Loss/task_class: 0.00096  ,  IoU: 0.74936
[train: 3, 2700 / 3125] FPS: 168.7 (184.2)  ,  Loss/total: 1.10503  ,  Loss/giou: 0.27352  ,  Loss/l1: 0.02624  ,  Loss/location: 0.42588  ,  Loss/task_class: 0.00095  ,  IoU: 0.74963
[train: 3, 2750 / 3125] FPS: 168.7 (175.7)  ,  Loss/total: 1.10409  ,  Loss/giou: 0.27335  ,  Loss/l1: 0.02621  ,  Loss/location: 0.42544  ,  Loss/task_class: 0.00093  ,  IoU: 0.74975
[train: 3, 2800 / 3125] FPS: 168.8 (176.3)  ,  Loss/total: 1.10352  ,  Loss/giou: 0.27320  ,  Loss/l1: 0.02620  ,  Loss/location: 0.42523  ,  Loss/task_class: 0.00092  ,  IoU: 0.74991
[train: 3, 2850 / 3125] FPS: 168.9 (186.2)  ,  Loss/total: 1.10243  ,  Loss/giou: 0.27288  ,  Loss/l1: 0.02617  ,  Loss/location: 0.42492  ,  Loss/task_class: 0.00090  ,  IoU: 0.75019
[train: 3, 2900 / 3125] FPS: 169.0 (186.4)  ,  Loss/total: 1.10078  ,  Loss/giou: 0.27248  ,  Loss/l1: 0.02613  ,  Loss/location: 0.42431  ,  Loss/task_class: 0.00089  ,  IoU: 0.75050
[train: 3, 2950 / 3125] FPS: 169.1 (170.1)  ,  Loss/total: 1.10024  ,  Loss/giou: 0.27239  ,  Loss/l1: 0.02612  ,  Loss/location: 0.42399  ,  Loss/task_class: 0.00087  ,  IoU: 0.75058
[train: 3, 3000 / 3125] FPS: 169.2 (188.9)  ,  Loss/total: 1.09925  ,  Loss/giou: 0.27215  ,  Loss/l1: 0.02609  ,  Loss/location: 0.42362  ,  Loss/task_class: 0.00086  ,  IoU: 0.75078
[train: 3, 3050 / 3125] FPS: 169.2 (178.5)  ,  Loss/total: 1.09885  ,  Loss/giou: 0.27195  ,  Loss/l1: 0.02607  ,  Loss/location: 0.42373  ,  Loss/task_class: 0.00085  ,  IoU: 0.75092
[train: 3, 3100 / 3125] FPS: 169.1 (171.1)  ,  Loss/total: 1.09832  ,  Loss/giou: 0.27175  ,  Loss/l1: 0.02606  ,  Loss/location: 0.42360  ,  Loss/task_class: 0.00091  ,  IoU: 0.75109
[train: 3, 3125 / 3125] FPS: 169.2 (189.6)  ,  Loss/total: 1.09794  ,  Loss/giou: 0.27161  ,  Loss/l1: 0.02605  ,  Loss/location: 0.42353  ,  Loss/task_class: 0.00095  ,  IoU: 0.75122
[train: 4, 50 / 3125] FPS: 129.9 (185.0)  ,  Loss/total: 1.03577  ,  Loss/giou: 0.25689  ,  Loss/l1: 0.02389  ,  Loss/location: 0.40255  ,  Loss/task_class: 0.00001  ,  IoU: 0.76527
[train: 4, 100 / 3125] FPS: 150.9 (179.7)  ,  Loss/total: 1.02499  ,  Loss/giou: 0.25416  ,  Loss/l1: 0.02373  ,  Loss/location: 0.39792  ,  Loss/task_class: 0.00010  ,  IoU: 0.76674
[train: 4, 150 / 3125] FPS: 157.7 (164.6)  ,  Loss/total: 1.04869  ,  Loss/giou: 0.25835  ,  Loss/l1: 0.02462  ,  Loss/location: 0.40732  ,  Loss/task_class: 0.00159  ,  IoU: 0.76323
[train: 4, 200 / 3125] FPS: 161.1 (181.6)  ,  Loss/total: 1.04585  ,  Loss/giou: 0.25800  ,  Loss/l1: 0.02450  ,  Loss/location: 0.40590  ,  Loss/task_class: 0.00146  ,  IoU: 0.76327
[train: 4, 250 / 3125] FPS: 163.4 (163.7)  ,  Loss/total: 1.04310  ,  Loss/giou: 0.25701  ,  Loss/l1: 0.02431  ,  Loss/location: 0.40636  ,  Loss/task_class: 0.00118  ,  IoU: 0.76372
[train: 4, 300 / 3125] FPS: 165.2 (166.5)  ,  Loss/total: 1.04642  ,  Loss/giou: 0.25748  ,  Loss/l1: 0.02453  ,  Loss/location: 0.40778  ,  Loss/task_class: 0.00103  ,  IoU: 0.76328
[train: 4, 350 / 3125] FPS: 166.6 (165.6)  ,  Loss/total: 1.04127  ,  Loss/giou: 0.25659  ,  Loss/l1: 0.02431  ,  Loss/location: 0.40549  ,  Loss/task_class: 0.00102  ,  IoU: 0.76396
[train: 4, 400 / 3125] FPS: 167.7 (177.8)  ,  Loss/total: 1.04292  ,  Loss/giou: 0.25715  ,  Loss/l1: 0.02441  ,  Loss/location: 0.40565  ,  Loss/task_class: 0.00090  ,  IoU: 0.76350
[train: 4, 450 / 3125] FPS: 168.3 (188.4)  ,  Loss/total: 1.04596  ,  Loss/giou: 0.25824  ,  Loss/l1: 0.02453  ,  Loss/location: 0.40546  ,  Loss/task_class: 0.00136  ,  IoU: 0.76269
[train: 4, 500 / 3125] FPS: 168.8 (175.1)  ,  Loss/total: 1.04402  ,  Loss/giou: 0.25867  ,  Loss/l1: 0.02461  ,  Loss/location: 0.40240  ,  Loss/task_class: 0.00123  ,  IoU: 0.76250
[train: 4, 550 / 3125] FPS: 169.3 (180.1)  ,  Loss/total: 1.04465  ,  Loss/giou: 0.25925  ,  Loss/l1: 0.02473  ,  Loss/location: 0.40141  ,  Loss/task_class: 0.00112  ,  IoU: 0.76223
[train: 4, 600 / 3125] FPS: 169.5 (188.2)  ,  Loss/total: 1.04374  ,  Loss/giou: 0.25913  ,  Loss/l1: 0.02471  ,  Loss/location: 0.40091  ,  Loss/task_class: 0.00103  ,  IoU: 0.76238
[train: 4, 650 / 3125] FPS: 170.2 (181.0)  ,  Loss/total: 1.04563  ,  Loss/giou: 0.25973  ,  Loss/l1: 0.02487  ,  Loss/location: 0.40085  ,  Loss/task_class: 0.00097  ,  IoU: 0.76206
[train: 4, 700 / 3125] FPS: 170.6 (181.0)  ,  Loss/total: 1.04410  ,  Loss/giou: 0.25937  ,  Loss/l1: 0.02477  ,  Loss/location: 0.40058  ,  Loss/task_class: 0.00090  ,  IoU: 0.76227
[train: 4, 750 / 3125] FPS: 170.8 (162.4)  ,  Loss/total: 1.04333  ,  Loss/giou: 0.25900  ,  Loss/l1: 0.02474  ,  Loss/location: 0.40069  ,  Loss/task_class: 0.00095  ,  IoU: 0.76260
[train: 4, 800 / 3125] FPS: 171.3 (178.2)  ,  Loss/total: 1.04222  ,  Loss/giou: 0.25857  ,  Loss/l1: 0.02470  ,  Loss/location: 0.40064  ,  Loss/task_class: 0.00092  ,  IoU: 0.76297
[train: 4, 850 / 3125] FPS: 170.9 (160.6)  ,  Loss/total: 1.04294  ,  Loss/giou: 0.25852  ,  Loss/l1: 0.02469  ,  Loss/location: 0.40156  ,  Loss/task_class: 0.00087  ,  IoU: 0.76297
[train: 4, 900 / 3125] FPS: 170.7 (141.1)  ,  Loss/total: 1.04182  ,  Loss/giou: 0.25835  ,  Loss/l1: 0.02469  ,  Loss/location: 0.40084  ,  Loss/task_class: 0.00083  ,  IoU: 0.76316
[train: 4, 950 / 3125] FPS: 170.7 (169.9)  ,  Loss/total: 1.03976  ,  Loss/giou: 0.25810  ,  Loss/l1: 0.02464  ,  Loss/location: 0.39956  ,  Loss/task_class: 0.00078  ,  IoU: 0.76340
[train: 4, 1000 / 3125] FPS: 171.1 (184.9)  ,  Loss/total: 1.03906  ,  Loss/giou: 0.25804  ,  Loss/l1: 0.02464  ,  Loss/location: 0.39904  ,  Loss/task_class: 0.00075  ,  IoU: 0.76347
[train: 4, 1050 / 3125] FPS: 171.3 (154.2)  ,  Loss/total: 1.03626  ,  Loss/giou: 0.25725  ,  Loss/l1: 0.02453  ,  Loss/location: 0.39838  ,  Loss/task_class: 0.00071  ,  IoU: 0.76405
[train: 4, 1100 / 3125] FPS: 171.4 (168.6)  ,  Loss/total: 1.03720  ,  Loss/giou: 0.25733  ,  Loss/l1: 0.02457  ,  Loss/location: 0.39901  ,  Loss/task_class: 0.00069  ,  IoU: 0.76405
[train: 4, 1150 / 3125] FPS: 171.1 (183.6)  ,  Loss/total: 1.03512  ,  Loss/giou: 0.25679  ,  Loss/l1: 0.02452  ,  Loss/location: 0.39827  ,  Loss/task_class: 0.00068  ,  IoU: 0.76449
[train: 4, 1200 / 3125] FPS: 171.3 (165.6)  ,  Loss/total: 1.03286  ,  Loss/giou: 0.25640  ,  Loss/l1: 0.02445  ,  Loss/location: 0.39718  ,  Loss/task_class: 0.00065  ,  IoU: 0.76481
[train: 4, 1250 / 3125] FPS: 171.5 (176.0)  ,  Loss/total: 1.03173  ,  Loss/giou: 0.25590  ,  Loss/l1: 0.02437  ,  Loss/location: 0.39744  ,  Loss/task_class: 0.00062  ,  IoU: 0.76520
[train: 4, 1300 / 3125] FPS: 171.8 (162.6)  ,  Loss/total: 1.03219  ,  Loss/giou: 0.25601  ,  Loss/l1: 0.02440  ,  Loss/location: 0.39759  ,  Loss/task_class: 0.00060  ,  IoU: 0.76517
[train: 4, 1350 / 3125] FPS: 171.8 (182.7)  ,  Loss/total: 1.03204  ,  Loss/giou: 0.25588  ,  Loss/l1: 0.02439  ,  Loss/location: 0.39773  ,  Loss/task_class: 0.00058  ,  IoU: 0.76526
[train: 4, 1400 / 3125] FPS: 172.0 (182.2)  ,  Loss/total: 1.03009  ,  Loss/giou: 0.25552  ,  Loss/l1: 0.02434  ,  Loss/location: 0.39679  ,  Loss/task_class: 0.00056  ,  IoU: 0.76555
[train: 4, 1450 / 3125] FPS: 172.3 (184.2)  ,  Loss/total: 1.02813  ,  Loss/giou: 0.25520  ,  Loss/l1: 0.02427  ,  Loss/location: 0.39584  ,  Loss/task_class: 0.00056  ,  IoU: 0.76577
[train: 4, 1500 / 3125] FPS: 172.5 (186.3)  ,  Loss/total: 1.02830  ,  Loss/giou: 0.25523  ,  Loss/l1: 0.02427  ,  Loss/location: 0.39580  ,  Loss/task_class: 0.00069  ,  IoU: 0.76574
[train: 4, 1550 / 3125] FPS: 172.6 (184.2)  ,  Loss/total: 1.02724  ,  Loss/giou: 0.25497  ,  Loss/l1: 0.02424  ,  Loss/location: 0.39542  ,  Loss/task_class: 0.00067  ,  IoU: 0.76597
[train: 4, 1600 / 3125] FPS: 172.6 (188.6)  ,  Loss/total: 1.02696  ,  Loss/giou: 0.25477  ,  Loss/l1: 0.02423  ,  Loss/location: 0.39549  ,  Loss/task_class: 0.00080  ,  IoU: 0.76614
[train: 4, 1650 / 3125] FPS: 172.8 (167.7)  ,  Loss/total: 1.02676  ,  Loss/giou: 0.25467  ,  Loss/l1: 0.02423  ,  Loss/location: 0.39549  ,  Loss/task_class: 0.00078  ,  IoU: 0.76625
[train: 4, 1700 / 3125] FPS: 172.9 (185.0)  ,  Loss/total: 1.02700  ,  Loss/giou: 0.25461  ,  Loss/l1: 0.02420  ,  Loss/location: 0.39602  ,  Loss/task_class: 0.00076  ,  IoU: 0.76621
[train: 4, 1750 / 3125] FPS: 173.0 (163.9)  ,  Loss/total: 1.02562  ,  Loss/giou: 0.25428  ,  Loss/l1: 0.02413  ,  Loss/location: 0.39568  ,  Loss/task_class: 0.00074  ,  IoU: 0.76644
[train: 4, 1800 / 3125] FPS: 172.8 (185.0)  ,  Loss/total: 1.02460  ,  Loss/giou: 0.25410  ,  Loss/l1: 0.02410  ,  Loss/location: 0.39499  ,  Loss/task_class: 0.00090  ,  IoU: 0.76659
[train: 4, 1850 / 3125] FPS: 172.9 (184.2)  ,  Loss/total: 1.02518  ,  Loss/giou: 0.25428  ,  Loss/l1: 0.02413  ,  Loss/location: 0.39507  ,  Loss/task_class: 0.00089  ,  IoU: 0.76647
[train: 4, 1900 / 3125] FPS: 173.1 (167.7)  ,  Loss/total: 1.02418  ,  Loss/giou: 0.25400  ,  Loss/l1: 0.02409  ,  Loss/location: 0.39484  ,  Loss/task_class: 0.00089  ,  IoU: 0.76673
[train: 4, 1950 / 3125] FPS: 173.1 (167.8)  ,  Loss/total: 1.02523  ,  Loss/giou: 0.25423  ,  Loss/l1: 0.02410  ,  Loss/location: 0.39529  ,  Loss/task_class: 0.00097  ,  IoU: 0.76650
[train: 4, 2000 / 3125] FPS: 173.2 (146.9)  ,  Loss/total: 1.02490  ,  Loss/giou: 0.25413  ,  Loss/l1: 0.02409  ,  Loss/location: 0.39524  ,  Loss/task_class: 0.00094  ,  IoU: 0.76656
[train: 4, 2050 / 3125] FPS: 173.3 (183.4)  ,  Loss/total: 1.02371  ,  Loss/giou: 0.25390  ,  Loss/l1: 0.02405  ,  Loss/location: 0.39475  ,  Loss/task_class: 0.00093  ,  IoU: 0.76674
[train: 4, 2100 / 3125] FPS: 173.5 (184.2)  ,  Loss/total: 1.02182  ,  Loss/giou: 0.25346  ,  Loss/l1: 0.02398  ,  Loss/location: 0.39410  ,  Loss/task_class: 0.00090  ,  IoU: 0.76707
[train: 4, 2150 / 3125] FPS: 173.6 (166.1)  ,  Loss/total: 1.02178  ,  Loss/giou: 0.25344  ,  Loss/l1: 0.02397  ,  Loss/location: 0.39418  ,  Loss/task_class: 0.00088  ,  IoU: 0.76709
[train: 4, 2200 / 3125] FPS: 173.2 (158.8)  ,  Loss/total: 1.02073  ,  Loss/giou: 0.25316  ,  Loss/l1: 0.02391  ,  Loss/location: 0.39398  ,  Loss/task_class: 0.00086  ,  IoU: 0.76726
[train: 4, 2250 / 3125] FPS: 173.2 (178.0)  ,  Loss/total: 1.02077  ,  Loss/giou: 0.25315  ,  Loss/l1: 0.02393  ,  Loss/location: 0.39399  ,  Loss/task_class: 0.00085  ,  IoU: 0.76730
[train: 4, 2300 / 3125] FPS: 173.3 (155.4)  ,  Loss/total: 1.01954  ,  Loss/giou: 0.25288  ,  Loss/l1: 0.02390  ,  Loss/location: 0.39347  ,  Loss/task_class: 0.00083  ,  IoU: 0.76752
[train: 4, 2350 / 3125] FPS: 173.2 (181.9)  ,  Loss/total: 1.01954  ,  Loss/giou: 0.25289  ,  Loss/l1: 0.02389  ,  Loss/location: 0.39351  ,  Loss/task_class: 0.00081  ,  IoU: 0.76754
[train: 4, 2400 / 3125] FPS: 173.0 (183.5)  ,  Loss/total: 1.01876  ,  Loss/giou: 0.25276  ,  Loss/l1: 0.02386  ,  Loss/location: 0.39316  ,  Loss/task_class: 0.00080  ,  IoU: 0.76760
[train: 4, 2450 / 3125] FPS: 173.1 (179.1)  ,  Loss/total: 1.01805  ,  Loss/giou: 0.25266  ,  Loss/l1: 0.02384  ,  Loss/location: 0.39272  ,  Loss/task_class: 0.00079  ,  IoU: 0.76770
[train: 4, 2500 / 3125] FPS: 173.1 (187.2)  ,  Loss/total: 1.01760  ,  Loss/giou: 0.25248  ,  Loss/l1: 0.02381  ,  Loss/location: 0.39279  ,  Loss/task_class: 0.00079  ,  IoU: 0.76784
[train: 4, 2550 / 3125] FPS: 173.2 (184.2)  ,  Loss/total: 1.01629  ,  Loss/giou: 0.25221  ,  Loss/l1: 0.02376  ,  Loss/location: 0.39230  ,  Loss/task_class: 0.00077  ,  IoU: 0.76802
[train: 4, 2600 / 3125] FPS: 173.2 (154.8)  ,  Loss/total: 1.01513  ,  Loss/giou: 0.25198  ,  Loss/l1: 0.02371  ,  Loss/location: 0.39187  ,  Loss/task_class: 0.00076  ,  IoU: 0.76818
[train: 4, 2650 / 3125] FPS: 173.0 (183.0)  ,  Loss/total: 1.01449  ,  Loss/giou: 0.25182  ,  Loss/l1: 0.02370  ,  Loss/location: 0.39161  ,  Loss/task_class: 0.00075  ,  IoU: 0.76831
[train: 4, 2700 / 3125] FPS: 173.0 (186.0)  ,  Loss/total: 1.01477  ,  Loss/giou: 0.25191  ,  Loss/l1: 0.02372  ,  Loss/location: 0.39163  ,  Loss/task_class: 0.00073  ,  IoU: 0.76828
[train: 4, 2750 / 3125] FPS: 173.0 (174.1)  ,  Loss/total: 1.01440  ,  Loss/giou: 0.25191  ,  Loss/l1: 0.02370  ,  Loss/location: 0.39134  ,  Loss/task_class: 0.00075  ,  IoU: 0.76826
[train: 4, 2800 / 3125] FPS: 173.1 (186.6)  ,  Loss/total: 1.01411  ,  Loss/giou: 0.25187  ,  Loss/l1: 0.02368  ,  Loss/location: 0.39114  ,  Loss/task_class: 0.00083  ,  IoU: 0.76831
[train: 4, 2850 / 3125] FPS: 173.1 (153.3)  ,  Loss/total: 1.01306  ,  Loss/giou: 0.25157  ,  Loss/l1: 0.02364  ,  Loss/location: 0.39093  ,  Loss/task_class: 0.00081  ,  IoU: 0.76857
[train: 4, 2900 / 3125] FPS: 172.7 (182.6)  ,  Loss/total: 1.01258  ,  Loss/giou: 0.25146  ,  Loss/l1: 0.02363  ,  Loss/location: 0.39063  ,  Loss/task_class: 0.00089  ,  IoU: 0.76866
[train: 4, 2950 / 3125] FPS: 172.2 (181.8)  ,  Loss/total: 1.01180  ,  Loss/giou: 0.25121  ,  Loss/l1: 0.02359  ,  Loss/location: 0.39058  ,  Loss/task_class: 0.00087  ,  IoU: 0.76882
[train: 4, 3000 / 3125] FPS: 171.8 (180.0)  ,  Loss/total: 1.01115  ,  Loss/giou: 0.25107  ,  Loss/l1: 0.02357  ,  Loss/location: 0.39032  ,  Loss/task_class: 0.00086  ,  IoU: 0.76894
[train: 4, 3050 / 3125] FPS: 171.9 (179.8)  ,  Loss/total: 1.01089  ,  Loss/giou: 0.25099  ,  Loss/l1: 0.02357  ,  Loss/location: 0.39023  ,  Loss/task_class: 0.00085  ,  IoU: 0.76902
[train: 4, 3100 / 3125] FPS: 171.9 (146.7)  ,  Loss/total: 1.01043  ,  Loss/giou: 0.25081  ,  Loss/l1: 0.02355  ,  Loss/location: 0.39021  ,  Loss/task_class: 0.00084  ,  IoU: 0.76919
[train: 4, 3125 / 3125] FPS: 172.0 (192.2)  ,  Loss/total: 1.00986  ,  Loss/giou: 0.25068  ,  Loss/l1: 0.02354  ,  Loss/location: 0.39000  ,  Loss/task_class: 0.00083  ,  IoU: 0.76930
[train: 5, 50 / 3125] FPS: 134.6 (167.4)  ,  Loss/total: 0.95426  ,  Loss/giou: 0.23051  ,  Loss/l1: 0.02124  ,  Loss/location: 0.38078  ,  Loss/task_class: 0.00628  ,  IoU: 0.78564
[train: 5, 100 / 3125] FPS: 155.0 (177.2)  ,  Loss/total: 0.94959  ,  Loss/giou: 0.23313  ,  Loss/l1: 0.02125  ,  Loss/location: 0.37383  ,  Loss/task_class: 0.00325  ,  IoU: 0.78322
[train: 5, 150 / 3125] FPS: 161.2 (178.8)  ,  Loss/total: 0.95734  ,  Loss/giou: 0.23604  ,  Loss/l1: 0.02167  ,  Loss/location: 0.37472  ,  Loss/task_class: 0.00217  ,  IoU: 0.78075
[train: 5, 200 / 3125] FPS: 163.9 (160.1)  ,  Loss/total: 0.96040  ,  Loss/giou: 0.23745  ,  Loss/l1: 0.02182  ,  Loss/location: 0.37478  ,  Loss/task_class: 0.00164  ,  IoU: 0.78000
[train: 5, 250 / 3125] FPS: 165.9 (187.2)  ,  Loss/total: 0.96622  ,  Loss/giou: 0.23859  ,  Loss/l1: 0.02200  ,  Loss/location: 0.37768  ,  Loss/task_class: 0.00137  ,  IoU: 0.77936
[train: 5, 300 / 3125] FPS: 167.5 (170.1)  ,  Loss/total: 0.95996  ,  Loss/giou: 0.23715  ,  Loss/l1: 0.02160  ,  Loss/location: 0.37651  ,  Loss/task_class: 0.00116  ,  IoU: 0.78031
[train: 5, 350 / 3125] FPS: 169.0 (187.6)  ,  Loss/total: 0.96497  ,  Loss/giou: 0.23828  ,  Loss/l1: 0.02184  ,  Loss/location: 0.37773  ,  Loss/task_class: 0.00147  ,  IoU: 0.77937
[train: 5, 400 / 3125] FPS: 170.1 (188.2)  ,  Loss/total: 0.96293  ,  Loss/giou: 0.23763  ,  Loss/l1: 0.02176  ,  Loss/location: 0.37757  ,  Loss/task_class: 0.00129  ,  IoU: 0.77988
[train: 5, 450 / 3125] FPS: 163.9 (145.6)  ,  Loss/total: 0.96325  ,  Loss/giou: 0.23812  ,  Loss/l1: 0.02182  ,  Loss/location: 0.37673  ,  Loss/task_class: 0.00118  ,  IoU: 0.77944
[train: 5, 500 / 3125] FPS: 164.8 (173.8)  ,  Loss/total: 0.97104  ,  Loss/giou: 0.24005  ,  Loss/l1: 0.02212  ,  Loss/location: 0.37924  ,  Loss/task_class: 0.00109  ,  IoU: 0.77794
[train: 5, 550 / 3125] FPS: 165.8 (182.1)  ,  Loss/total: 0.96861  ,  Loss/giou: 0.23971  ,  Loss/l1: 0.02203  ,  Loss/location: 0.37806  ,  Loss/task_class: 0.00100  ,  IoU: 0.77805
[train: 5, 600 / 3125] FPS: 166.7 (181.3)  ,  Loss/total: 0.97023  ,  Loss/giou: 0.24011  ,  Loss/l1: 0.02203  ,  Loss/location: 0.37892  ,  Loss/task_class: 0.00094  ,  IoU: 0.77777
[train: 5, 650 / 3125] FPS: 167.5 (176.9)  ,  Loss/total: 0.97078  ,  Loss/giou: 0.24030  ,  Loss/l1: 0.02212  ,  Loss/location: 0.37869  ,  Loss/task_class: 0.00086  ,  IoU: 0.77772
[train: 5, 700 / 3125] FPS: 167.9 (166.9)  ,  Loss/total: 0.97218  ,  Loss/giou: 0.24034  ,  Loss/l1: 0.02214  ,  Loss/location: 0.37999  ,  Loss/task_class: 0.00080  ,  IoU: 0.77770
[train: 5, 750 / 3125] FPS: 168.4 (151.4)  ,  Loss/total: 0.96977  ,  Loss/giou: 0.24003  ,  Loss/l1: 0.02206  ,  Loss/location: 0.37869  ,  Loss/task_class: 0.00075  ,  IoU: 0.77788
[train: 5, 800 / 3125] FPS: 169.0 (181.1)  ,  Loss/total: 0.97215  ,  Loss/giou: 0.24061  ,  Loss/l1: 0.02217  ,  Loss/location: 0.37935  ,  Loss/task_class: 0.00075  ,  IoU: 0.77751
[train: 5, 850 / 3125] FPS: 169.4 (185.1)  ,  Loss/total: 0.97313  ,  Loss/giou: 0.24090  ,  Loss/l1: 0.02221  ,  Loss/location: 0.37957  ,  Loss/task_class: 0.00072  ,  IoU: 0.77732
[train: 5, 900 / 3125] FPS: 169.8 (163.5)  ,  Loss/total: 0.97215  ,  Loss/giou: 0.24071  ,  Loss/l1: 0.02220  ,  Loss/location: 0.37905  ,  Loss/task_class: 0.00069  ,  IoU: 0.77747
[train: 5, 950 / 3125] FPS: 170.2 (162.4)  ,  Loss/total: 0.97106  ,  Loss/giou: 0.24053  ,  Loss/l1: 0.02218  ,  Loss/location: 0.37844  ,  Loss/task_class: 0.00066  ,  IoU: 0.77756
[train: 5, 1000 / 3125] FPS: 170.7 (183.2)  ,  Loss/total: 0.97081  ,  Loss/giou: 0.24037  ,  Loss/l1: 0.02216  ,  Loss/location: 0.37867  ,  Loss/task_class: 0.00062  ,  IoU: 0.77768
[train: 5, 1050 / 3125] FPS: 168.6 (153.8)  ,  Loss/total: 0.97040  ,  Loss/giou: 0.24033  ,  Loss/l1: 0.02214  ,  Loss/location: 0.37846  ,  Loss/task_class: 0.00059  ,  IoU: 0.77769
[train: 5, 1100 / 3125] FPS: 168.4 (182.7)  ,  Loss/total: 0.96887  ,  Loss/giou: 0.23991  ,  Loss/l1: 0.02208  ,  Loss/location: 0.37807  ,  Loss/task_class: 0.00057  ,  IoU: 0.77804
[train: 5, 1150 / 3125] FPS: 168.7 (185.7)  ,  Loss/total: 0.96746  ,  Loss/giou: 0.23947  ,  Loss/l1: 0.02204  ,  Loss/location: 0.37775  ,  Loss/task_class: 0.00054  ,  IoU: 0.77845
[train: 5, 1200 / 3125] FPS: 168.1 (191.5)  ,  Loss/total: 0.96784  ,  Loss/giou: 0.23951  ,  Loss/l1: 0.02205  ,  Loss/location: 0.37808  ,  Loss/task_class: 0.00052  ,  IoU: 0.77840
[train: 5, 1250 / 3125] FPS: 168.5 (174.7)  ,  Loss/total: 0.96839  ,  Loss/giou: 0.23962  ,  Loss/l1: 0.02207  ,  Loss/location: 0.37832  ,  Loss/task_class: 0.00050  ,  IoU: 0.77834
[train: 5, 1300 / 3125] FPS: 168.7 (181.0)  ,  Loss/total: 0.96641  ,  Loss/giou: 0.23932  ,  Loss/l1: 0.02198  ,  Loss/location: 0.37738  ,  Loss/task_class: 0.00048  ,  IoU: 0.77853
[train: 5, 1350 / 3125] FPS: 168.9 (176.9)  ,  Loss/total: 0.96485  ,  Loss/giou: 0.23883  ,  Loss/l1: 0.02190  ,  Loss/location: 0.37722  ,  Loss/task_class: 0.00046  ,  IoU: 0.77889
[train: 5, 1400 / 3125] FPS: 169.2 (180.3)  ,  Loss/total: 0.96383  ,  Loss/giou: 0.23857  ,  Loss/l1: 0.02185  ,  Loss/location: 0.37699  ,  Loss/task_class: 0.00045  ,  IoU: 0.77908
[train: 5, 1450 / 3125] FPS: 169.4 (185.6)  ,  Loss/total: 0.96433  ,  Loss/giou: 0.23844  ,  Loss/l1: 0.02187  ,  Loss/location: 0.37763  ,  Loss/task_class: 0.00047  ,  IoU: 0.77926
[train: 5, 1500 / 3125] FPS: 169.6 (169.9)  ,  Loss/total: 0.96527  ,  Loss/giou: 0.23858  ,  Loss/l1: 0.02190  ,  Loss/location: 0.37799  ,  Loss/task_class: 0.00064  ,  IoU: 0.77915
[train: 5, 1550 / 3125] FPS: 169.8 (186.5)  ,  Loss/total: 0.96401  ,  Loss/giou: 0.23831  ,  Loss/l1: 0.02184  ,  Loss/location: 0.37757  ,  Loss/task_class: 0.00062  ,  IoU: 0.77933
[train: 5, 1600 / 3125] FPS: 169.8 (179.3)  ,  Loss/total: 0.96278  ,  Loss/giou: 0.23796  ,  Loss/l1: 0.02179  ,  Loss/location: 0.37729  ,  Loss/task_class: 0.00060  ,  IoU: 0.77958
[train: 5, 1650 / 3125] FPS: 169.8 (170.9)  ,  Loss/total: 0.96152  ,  Loss/giou: 0.23778  ,  Loss/l1: 0.02181  ,  Loss/location: 0.37632  ,  Loss/task_class: 0.00058  ,  IoU: 0.77979
[train: 5, 1700 / 3125] FPS: 169.8 (167.7)  ,  Loss/total: 0.96103  ,  Loss/giou: 0.23775  ,  Loss/l1: 0.02181  ,  Loss/location: 0.37594  ,  Loss/task_class: 0.00056  ,  IoU: 0.77984
[train: 5, 1750 / 3125] FPS: 169.8 (182.9)  ,  Loss/total: 0.96020  ,  Loss/giou: 0.23751  ,  Loss/l1: 0.02178  ,  Loss/location: 0.37572  ,  Loss/task_class: 0.00056  ,  IoU: 0.78002
[train: 5, 1800 / 3125] FPS: 169.9 (178.5)  ,  Loss/total: 0.95983  ,  Loss/giou: 0.23743  ,  Loss/l1: 0.02177  ,  Loss/location: 0.37555  ,  Loss/task_class: 0.00055  ,  IoU: 0.78009
[train: 5, 1850 / 3125] FPS: 170.1 (179.6)  ,  Loss/total: 0.95964  ,  Loss/giou: 0.23738  ,  Loss/l1: 0.02178  ,  Loss/location: 0.37543  ,  Loss/task_class: 0.00054  ,  IoU: 0.78016
[train: 5, 1900 / 3125] FPS: 170.1 (182.8)  ,  Loss/total: 0.96000  ,  Loss/giou: 0.23752  ,  Loss/l1: 0.02179  ,  Loss/location: 0.37549  ,  Loss/task_class: 0.00053  ,  IoU: 0.78005
[train: 5, 1950 / 3125] FPS: 169.3 (153.5)  ,  Loss/total: 0.95960  ,  Loss/giou: 0.23744  ,  Loss/l1: 0.02179  ,  Loss/location: 0.37511  ,  Loss/task_class: 0.00068  ,  IoU: 0.78014
[train: 5, 2000 / 3125] FPS: 169.2 (156.9)  ,  Loss/total: 0.95993  ,  Loss/giou: 0.23753  ,  Loss/l1: 0.02183  ,  Loss/location: 0.37505  ,  Loss/task_class: 0.00067  ,  IoU: 0.78013
[train: 5, 2050 / 3125] FPS: 169.0 (169.2)  ,  Loss/total: 0.95934  ,  Loss/giou: 0.23748  ,  Loss/l1: 0.02183  ,  Loss/location: 0.37459  ,  Loss/task_class: 0.00067  ,  IoU: 0.78022
[train: 5, 2100 / 3125] FPS: 168.9 (170.9)  ,  Loss/total: 0.95934  ,  Loss/giou: 0.23747  ,  Loss/l1: 0.02183  ,  Loss/location: 0.37453  ,  Loss/task_class: 0.00073  ,  IoU: 0.78023
[train: 5, 2150 / 3125] FPS: 168.7 (153.2)  ,  Loss/total: 0.95870  ,  Loss/giou: 0.23732  ,  Loss/l1: 0.02181  ,  Loss/location: 0.37427  ,  Loss/task_class: 0.00071  ,  IoU: 0.78035
[train: 5, 2200 / 3125] FPS: 168.6 (164.5)  ,  Loss/total: 0.95746  ,  Loss/giou: 0.23699  ,  Loss/l1: 0.02175  ,  Loss/location: 0.37402  ,  Loss/task_class: 0.00069  ,  IoU: 0.78059
[train: 5, 2250 / 3125] FPS: 168.4 (173.6)  ,  Loss/total: 0.95636  ,  Loss/giou: 0.23673  ,  Loss/l1: 0.02172  ,  Loss/location: 0.37361  ,  Loss/task_class: 0.00068  ,  IoU: 0.78080
[train: 5, 2300 / 3125] FPS: 168.3 (159.6)  ,  Loss/total: 0.95632  ,  Loss/giou: 0.23672  ,  Loss/l1: 0.02173  ,  Loss/location: 0.37356  ,  Loss/task_class: 0.00067  ,  IoU: 0.78083
[train: 5, 2350 / 3125] FPS: 168.1 (167.0)  ,  Loss/total: 0.95553  ,  Loss/giou: 0.23662  ,  Loss/l1: 0.02173  ,  Loss/location: 0.37301  ,  Loss/task_class: 0.00065  ,  IoU: 0.78096
[train: 5, 2400 / 3125] FPS: 167.9 (164.0)  ,  Loss/total: 0.95526  ,  Loss/giou: 0.23657  ,  Loss/l1: 0.02173  ,  Loss/location: 0.37279  ,  Loss/task_class: 0.00068  ,  IoU: 0.78102
[train: 5, 2450 / 3125] FPS: 167.9 (168.4)  ,  Loss/total: 0.95488  ,  Loss/giou: 0.23653  ,  Loss/l1: 0.02172  ,  Loss/location: 0.37256  ,  Loss/task_class: 0.00067  ,  IoU: 0.78107
[train: 5, 2500 / 3125] FPS: 167.9 (144.3)  ,  Loss/total: 0.95500  ,  Loss/giou: 0.23655  ,  Loss/l1: 0.02173  ,  Loss/location: 0.37247  ,  Loss/task_class: 0.00078  ,  IoU: 0.78110
[train: 5, 2550 / 3125] FPS: 167.9 (155.0)  ,  Loss/total: 0.95442  ,  Loss/giou: 0.23645  ,  Loss/l1: 0.02172  ,  Loss/location: 0.37211  ,  Loss/task_class: 0.00080  ,  IoU: 0.78119
[train: 5, 2600 / 3125] FPS: 167.7 (152.3)  ,  Loss/total: 0.95453  ,  Loss/giou: 0.23649  ,  Loss/l1: 0.02171  ,  Loss/location: 0.37218  ,  Loss/task_class: 0.00079  ,  IoU: 0.78116
[train: 5, 2650 / 3125] FPS: 167.5 (158.1)  ,  Loss/total: 0.95441  ,  Loss/giou: 0.23642  ,  Loss/l1: 0.02171  ,  Loss/location: 0.37223  ,  Loss/task_class: 0.00078  ,  IoU: 0.78122
[train: 5, 2700 / 3125] FPS: 167.4 (179.8)  ,  Loss/total: 0.95429  ,  Loss/giou: 0.23641  ,  Loss/l1: 0.02171  ,  Loss/location: 0.37217  ,  Loss/task_class: 0.00076  ,  IoU: 0.78123
[train: 5, 2750 / 3125] FPS: 167.6 (185.1)  ,  Loss/total: 0.95397  ,  Loss/giou: 0.23638  ,  Loss/l1: 0.02170  ,  Loss/location: 0.37196  ,  Loss/task_class: 0.00075  ,  IoU: 0.78126
[train: 5, 2800 / 3125] FPS: 167.5 (174.5)  ,  Loss/total: 0.95383  ,  Loss/giou: 0.23634  ,  Loss/l1: 0.02168  ,  Loss/location: 0.37199  ,  Loss/task_class: 0.00073  ,  IoU: 0.78130
[train: 5, 2850 / 3125] FPS: 167.7 (186.9)  ,  Loss/total: 0.95377  ,  Loss/giou: 0.23630  ,  Loss/l1: 0.02169  ,  Loss/location: 0.37199  ,  Loss/task_class: 0.00073  ,  IoU: 0.78134
[train: 5, 2900 / 3125] FPS: 167.8 (187.4)  ,  Loss/total: 0.95381  ,  Loss/giou: 0.23633  ,  Loss/l1: 0.02169  ,  Loss/location: 0.37200  ,  Loss/task_class: 0.00073  ,  IoU: 0.78133
[train: 5, 2950 / 3125] FPS: 164.6 (165.3)  ,  Loss/total: 0.95245  ,  Loss/giou: 0.23605  ,  Loss/l1: 0.02164  ,  Loss/location: 0.37145  ,  Loss/task_class: 0.00072  ,  IoU: 0.78153
[train: 5, 3000 / 3125] FPS: 160.9 (190.8)  ,  Loss/total: 0.95163  ,  Loss/giou: 0.23583  ,  Loss/l1: 0.02161  ,  Loss/location: 0.37122  ,  Loss/task_class: 0.00071  ,  IoU: 0.78169
[train: 5, 3050 / 3125] FPS: 157.4 (187.0)  ,  Loss/total: 0.95072  ,  Loss/giou: 0.23558  ,  Loss/l1: 0.02159  ,  Loss/location: 0.37092  ,  Loss/task_class: 0.00070  ,  IoU: 0.78194
[train: 5, 3100 / 3125] FPS: 154.8 (186.2)  ,  Loss/total: 0.95077  ,  Loss/giou: 0.23555  ,  Loss/l1: 0.02159  ,  Loss/location: 0.37102  ,  Loss/task_class: 0.00069  ,  IoU: 0.78199
[train: 5, 3125 / 3125] FPS: 153.5 (189.0)  ,  Loss/total: 0.95104  ,  Loss/giou: 0.23561  ,  Loss/l1: 0.02160  ,  Loss/location: 0.37113  ,  Loss/task_class: 0.00068  ,  IoU: 0.78196
[train: 6, 50 / 3125] FPS: 30.3 (182.3)  ,  Loss/total: 0.90954  ,  Loss/giou: 0.22760  ,  Loss/l1: 0.02053  ,  Loss/location: 0.35167  ,  Loss/task_class: 0.00000  ,  IoU: 0.78754
[train: 6, 100 / 3125] FPS: 51.5 (186.9)  ,  Loss/total: 0.92944  ,  Loss/giou: 0.23048  ,  Loss/l1: 0.02117  ,  Loss/location: 0.35900  ,  Loss/task_class: 0.00361  ,  IoU: 0.78583
[train: 6, 150 / 3125] FPS: 67.3 (176.3)  ,  Loss/total: 0.93010  ,  Loss/giou: 0.23061  ,  Loss/l1: 0.02095  ,  Loss/location: 0.36173  ,  Loss/task_class: 0.00241  ,  IoU: 0.78534
[train: 6, 200 / 3125] FPS: 79.0 (186.4)  ,  Loss/total: 0.93763  ,  Loss/giou: 0.23238  ,  Loss/l1: 0.02135  ,  Loss/location: 0.36292  ,  Loss/task_class: 0.00320  ,  IoU: 0.78443
[train: 6, 250 / 3125] FPS: 89.0 (183.8)  ,  Loss/total: 0.93627  ,  Loss/giou: 0.23269  ,  Loss/l1: 0.02132  ,  Loss/location: 0.36169  ,  Loss/task_class: 0.00258  ,  IoU: 0.78441
[train: 6, 300 / 3125] FPS: 97.0 (185.5)  ,  Loss/total: 0.93296  ,  Loss/giou: 0.23154  ,  Loss/l1: 0.02114  ,  Loss/location: 0.36204  ,  Loss/task_class: 0.00215  ,  IoU: 0.78529
[train: 6, 350 / 3125] FPS: 103.8 (184.7)  ,  Loss/total: 0.93390  ,  Loss/giou: 0.23155  ,  Loss/l1: 0.02121  ,  Loss/location: 0.36290  ,  Loss/task_class: 0.00185  ,  IoU: 0.78564
[train: 6, 400 / 3125] FPS: 109.3 (174.4)  ,  Loss/total: 0.93194  ,  Loss/giou: 0.23128  ,  Loss/l1: 0.02117  ,  Loss/location: 0.36192  ,  Loss/task_class: 0.00162  ,  IoU: 0.78604
[train: 6, 450 / 3125] FPS: 113.8 (159.5)  ,  Loss/total: 0.93152  ,  Loss/giou: 0.23093  ,  Loss/l1: 0.02118  ,  Loss/location: 0.36228  ,  Loss/task_class: 0.00149  ,  IoU: 0.78624
[train: 6, 500 / 3125] FPS: 118.0 (161.8)  ,  Loss/total: 0.92923  ,  Loss/giou: 0.23024  ,  Loss/l1: 0.02107  ,  Loss/location: 0.36208  ,  Loss/task_class: 0.00135  ,  IoU: 0.78683
[train: 6, 550 / 3125] FPS: 121.5 (181.5)  ,  Loss/total: 0.92671  ,  Loss/giou: 0.22970  ,  Loss/l1: 0.02098  ,  Loss/location: 0.36063  ,  Loss/task_class: 0.00177  ,  IoU: 0.78725
[train: 6, 600 / 3125] FPS: 124.5 (179.0)  ,  Loss/total: 0.92519  ,  Loss/giou: 0.22943  ,  Loss/l1: 0.02096  ,  Loss/location: 0.35990  ,  Loss/task_class: 0.00163  ,  IoU: 0.78749
[train: 6, 650 / 3125] FPS: 127.3 (159.9)  ,  Loss/total: 0.92171  ,  Loss/giou: 0.22855  ,  Loss/l1: 0.02083  ,  Loss/location: 0.35895  ,  Loss/task_class: 0.00150  ,  IoU: 0.78823
[train: 6, 700 / 3125] FPS: 129.6 (150.7)  ,  Loss/total: 0.92135  ,  Loss/giou: 0.22862  ,  Loss/l1: 0.02088  ,  Loss/location: 0.35833  ,  Loss/task_class: 0.00140  ,  IoU: 0.78825
[train: 6, 750 / 3125] FPS: 131.1 (162.7)  ,  Loss/total: 0.92116  ,  Loss/giou: 0.22889  ,  Loss/l1: 0.02089  ,  Loss/location: 0.35761  ,  Loss/task_class: 0.00131  ,  IoU: 0.78801
[train: 6, 800 / 3125] FPS: 133.0 (182.3)  ,  Loss/total: 0.92285  ,  Loss/giou: 0.22924  ,  Loss/l1: 0.02096  ,  Loss/location: 0.35833  ,  Loss/task_class: 0.00123  ,  IoU: 0.78780
[train: 6, 850 / 3125] FPS: 135.0 (155.5)  ,  Loss/total: 0.92166  ,  Loss/giou: 0.22883  ,  Loss/l1: 0.02093  ,  Loss/location: 0.35816  ,  Loss/task_class: 0.00115  ,  IoU: 0.78810
[train: 6, 900 / 3125] FPS: 136.9 (189.0)  ,  Loss/total: 0.92217  ,  Loss/giou: 0.22887  ,  Loss/l1: 0.02090  ,  Loss/location: 0.35886  ,  Loss/task_class: 0.00109  ,  IoU: 0.78800
[train: 6, 950 / 3125] FPS: 138.6 (167.9)  ,  Loss/total: 0.92328  ,  Loss/giou: 0.22910  ,  Loss/l1: 0.02092  ,  Loss/location: 0.35941  ,  Loss/task_class: 0.00107  ,  IoU: 0.78784
[train: 6, 1000 / 3125] FPS: 140.2 (186.0)  ,  Loss/total: 0.92241  ,  Loss/giou: 0.22883  ,  Loss/l1: 0.02092  ,  Loss/location: 0.35915  ,  Loss/task_class: 0.00102  ,  IoU: 0.78814
[train: 6, 1050 / 3125] FPS: 141.0 (184.4)  ,  Loss/total: 0.92088  ,  Loss/giou: 0.22846  ,  Loss/l1: 0.02085  ,  Loss/location: 0.35874  ,  Loss/task_class: 0.00098  ,  IoU: 0.78841
[train: 6, 1100 / 3125] FPS: 142.3 (175.8)  ,  Loss/total: 0.91948  ,  Loss/giou: 0.22821  ,  Loss/l1: 0.02082  ,  Loss/location: 0.35803  ,  Loss/task_class: 0.00094  ,  IoU: 0.78866
[train: 1, 50 / 3125] FPS: 62.9 (193.2)  ,  Loss/total: 9.70516  ,  Loss/giou: 1.13718  ,  Loss/l1: 0.26394  ,  Loss/location: 5.17495  ,  Loss/task_class: 0.93613  ,  IoU: 0.10615
[train: 1, 100 / 3125] FPS: 66.0 (193.7)  ,  Loss/total: 7.42496  ,  Loss/giou: 1.03191  ,  Loss/l1: 0.21995  ,  Loss/location: 3.75103  ,  Loss/task_class: 0.51035  ,  IoU: 0.16824
[train: 1, 150 / 3125] FPS: 76.2 (169.9)  ,  Loss/total: 6.26322  ,  Loss/giou: 0.95368  ,  Loss/l1: 0.18686  ,  Loss/location: 3.07423  ,  Loss/task_class: 0.34732  ,  IoU: 0.22174
[train: 1, 200 / 3125] FPS: 89.0 (186.4)  ,  Loss/total: 5.55518  ,  Loss/giou: 0.90049  ,  Loss/l1: 0.16613  ,  Loss/location: 2.66217  ,  Loss/task_class: 0.26137  ,  IoU: 0.26022
[train: 1, 50 / 3125] FPS: 138.5 (176.4)  ,  Loss/total: 15.69029  ,  Loss/giou: 1.20106  ,  Loss/l1: 0.26897  ,  Loss/location: 10.98994  ,  Loss/task_class: 0.95339  ,  IoU: 0.08471
