[train: 1, 50 / 3125] FPS: 131.3 (161.9)  ,  Loss/total: 77.58088  ,  Loss/giou: 1.08564  ,  Loss/l1: 0.29580  ,  Loss/location: 72.89939  ,  Loss/task_class: 1.03122  ,  Loss/activeness: 0.00000  ,  ActRate: 0.00000  ,  IoU: 0.08875
[train: 1, 100 / 3125] FPS: 147.0 (175.6)  ,  Loss/total: 56.45051  ,  Loss/giou: 1.07395  ,  Loss/l1: 0.28967  ,  Loss/location: 52.05280  ,  Loss/task_class: 0.80147  ,  Loss/activeness: 0.00000  ,  ActRate: 0.00000  ,  IoU: 0.09104
[train: 1, 150 / 3125] FPS: 154.2 (145.4)  ,  Loss/total: 47.29616  ,  Loss/giou: 1.06398  ,  Loss/l1: 0.28065  ,  Loss/location: 43.07745  ,  Loss/task_class: 0.68752  ,  Loss/activeness: 0.00000  ,  ActRate: 0.00000  ,  IoU: 0.09546
[train: 1, 200 / 3125] FPS: 157.9 (152.8)  ,  Loss/total: 40.72721  ,  Loss/giou: 1.05262  ,  Loss/l1: 0.27126  ,  Loss/location: 36.64560  ,  Loss/task_class: 0.62007  ,  Loss/activeness: 0.00000  ,  ActRate: 0.00000  ,  IoU: 0.10092
[train: 1, 250 / 3125] FPS: 161.0 (172.2)  ,  Loss/total: 36.05170  ,  Loss/giou: 1.04517  ,  Loss/l1: 0.26332  ,  Loss/location: 32.09486  ,  Loss/task_class: 0.54992  ,  Loss/activeness: 0.00000  ,  ActRate: 0.00000  ,  IoU: 0.10571
[train: 1, 300 / 3125] FPS: 162.6 (186.6)  ,  Loss/total: 32.04974  ,  Loss/giou: 1.03811  ,  Loss/l1: 0.25687  ,  Loss/location: 28.19925  ,  Loss/task_class: 0.48993  ,  Loss/activeness: 0.00000  ,  ActRate: 0.00000  ,  IoU: 0.11052
[train: 1, 350 / 3125] FPS: 164.9 (156.4)  ,  Loss/total: 28.99577  ,  Loss/giou: 1.03271  ,  Loss/l1: 0.25123  ,  Loss/location: 25.23616  ,  Loss/task_class: 0.43804  ,  Loss/activeness: 0.00000  ,  ActRate: 0.00000  ,  IoU: 0.11470
[train: 1, 400 / 3125] FPS: 165.8 (180.8)  ,  Loss/total: 26.32498  ,  Loss/giou: 1.02160  ,  Loss/l1: 0.24282  ,  Loss/location: 22.67688  ,  Loss/task_class: 0.39079  ,  Loss/activeness: 0.00000  ,  ActRate: 0.00000  ,  IoU: 0.12393
[train: 1, 450 / 3125] FPS: 166.8 (185.2)  ,  Loss/total: 24.24483  ,  Loss/giou: 1.00908  ,  Loss/l1: 0.23405  ,  Loss/location: 20.70485  ,  Loss/task_class: 0.35157  ,  Loss/activeness: 0.00000  ,  ActRate: 0.00000  ,  IoU: 0.13473
[train: 1, 500 / 3125] FPS: 166.9 (158.0)  ,  Loss/total: 22.48589  ,  Loss/giou: 0.99312  ,  Loss/l1: 0.22489  ,  Loss/location: 19.05562  ,  Loss/task_class: 0.31960  ,  Loss/activeness: 0.00000  ,  ActRate: 0.00000  ,  IoU: 0.14823
[train: 1, 550 / 3125] FPS: 167.1 (172.2)  ,  Loss/total: 20.93772  ,  Loss/giou: 0.97534  ,  Loss/l1: 0.21572  ,  Loss/location: 17.61540  ,  Loss/task_class: 0.29304  ,  Loss/activeness: 0.00000  ,  ActRate: 0.00000  ,  IoU: 0.16346
[train: 1, 600 / 3125] FPS: 167.2 (166.5)  ,  Loss/total: 19.63903  ,  Loss/giou: 0.95803  ,  Loss/l1: 0.20734  ,  Loss/location: 16.41542  ,  Loss/task_class: 0.27087  ,  Loss/activeness: 0.00000  ,  ActRate: 0.00000  ,  IoU: 0.17850
[train: 1, 650 / 3125] FPS: 167.4 (169.5)  ,  Loss/total: 18.49612  ,  Loss/giou: 0.94000  ,  Loss/l1: 0.19939  ,  Loss/location: 15.36832  ,  Loss/task_class: 0.25085  ,  Loss/activeness: 0.00000  ,  ActRate: 0.00000  ,  IoU: 0.19401
[train: 1, 700 / 3125] FPS: 167.4 (176.9)  ,  Loss/total: 17.49319  ,  Loss/giou: 0.92329  ,  Loss/l1: 0.19235  ,  Loss/location: 14.45105  ,  Loss/task_class: 0.23382  ,  Loss/activeness: 0.00000  ,  ActRate: 0.00000  ,  IoU: 0.20833
[train: 1, 750 / 3125] FPS: 167.6 (173.2)  ,  Loss/total: 16.58559  ,  Loss/giou: 0.90764  ,  Loss/l1: 0.18591  ,  Loss/location: 13.62208  ,  Loss/task_class: 0.21867  ,  Loss/activeness: 0.00000  ,  ActRate: 0.00000  ,  IoU: 0.22188
[train: 1, 800 / 3125] FPS: 167.9 (181.8)  ,  Loss/total: 15.78093  ,  Loss/giou: 0.89360  ,  Loss/l1: 0.18025  ,  Loss/location: 12.88680  ,  Loss/task_class: 0.20570  ,  Loss/activeness: 0.00000  ,  ActRate: 0.00000  ,  IoU: 0.23431
[train: 1, 850 / 3125] FPS: 168.1 (170.6)  ,  Loss/total: 15.04923  ,  Loss/giou: 0.87836  ,  Loss/l1: 0.17466  ,  Loss/location: 12.22524  ,  Loss/task_class: 0.19397  ,  Loss/activeness: 0.00000  ,  ActRate: 0.00000  ,  IoU: 0.24752
[train: 1, 900 / 3125] FPS: 168.1 (168.7)  ,  Loss/total: 14.39176  ,  Loss/giou: 0.86369  ,  Loss/l1: 0.16950  ,  Loss/location: 11.63276  ,  Loss/task_class: 0.18412  ,  Loss/activeness: 0.00000  ,  ActRate: 0.00000  ,  IoU: 0.26013
[train: 1, 950 / 3125] FPS: 168.0 (162.3)  ,  Loss/total: 13.80581  ,  Loss/giou: 0.85087  ,  Loss/l1: 0.16502  ,  Loss/location: 11.10430  ,  Loss/task_class: 0.17467  ,  Loss/activeness: 0.00000  ,  ActRate: 0.00000  ,  IoU: 0.27123
[train: 1, 1000 / 3125] FPS: 167.6 (174.4)  ,  Loss/total: 13.26412  ,  Loss/giou: 0.83814  ,  Loss/l1: 0.16065  ,  Loss/location: 10.61842  ,  Loss/task_class: 0.16618  ,  Loss/activeness: 0.00000  ,  ActRate: 0.00000  ,  IoU: 0.28205
[train: 1, 1050 / 3125] FPS: 167.2 (168.8)  ,  Loss/total: 12.76292  ,  Loss/giou: 0.82549  ,  Loss/l1: 0.15644  ,  Loss/location: 10.17130  ,  Loss/task_class: 0.15846  ,  Loss/activeness: 0.00000  ,  ActRate: 0.00000  ,  IoU: 0.29263
[train: 1, 1100 / 3125] FPS: 167.3 (150.4)  ,  Loss/total: 12.30756  ,  Loss/giou: 0.81454  ,  Loss/l1: 0.15281  ,  Loss/location: 9.76291  ,  Loss/task_class: 0.15150  ,  Loss/activeness: 0.00000  ,  ActRate: 0.00000  ,  IoU: 0.30201
[train: 1, 1150 / 3125] FPS: 167.6 (164.0)  ,  Loss/total: 11.88677  ,  Loss/giou: 0.80338  ,  Loss/l1: 0.14927  ,  Loss/location: 9.38862  ,  Loss/task_class: 0.14505  ,  Loss/activeness: 0.00000  ,  ActRate: 0.00000  ,  IoU: 0.31134
[train: 1, 1200 / 3125] FPS: 168.1 (184.7)  ,  Loss/total: 11.49296  ,  Loss/giou: 0.79131  ,  Loss/l1: 0.14565  ,  Loss/location: 9.04300  ,  Loss/task_class: 0.13910  ,  Loss/activeness: 0.00000  ,  ActRate: 0.00000  ,  IoU: 0.32122
[train: 1, 1250 / 3125] FPS: 168.3 (188.3)  ,  Loss/total: 11.13208  ,  Loss/giou: 0.78113  ,  Loss/l1: 0.14250  ,  Loss/location: 8.72367  ,  Loss/task_class: 0.13363  ,  Loss/activeness: 0.00000  ,  ActRate: 0.00000  ,  IoU: 0.32972
[train: 1, 1300 / 3125] FPS: 168.7 (180.3)  ,  Loss/total: 10.79410  ,  Loss/giou: 0.77054  ,  Loss/l1: 0.13935  ,  Loss/location: 8.42767  ,  Loss/task_class: 0.12858  ,  Loss/activeness: 0.00000  ,  ActRate: 0.00000  ,  IoU: 0.33841
[train: 1, 1350 / 3125] FPS: 169.0 (162.2)  ,  Loss/total: 10.48102  ,  Loss/giou: 0.76119  ,  Loss/l1: 0.13655  ,  Loss/location: 8.15185  ,  Loss/task_class: 0.12404  ,  Loss/activeness: 0.00000  ,  ActRate: 0.00000  ,  IoU: 0.34627
[train: 1, 1400 / 3125] FPS: 169.2 (151.1)  ,  Loss/total: 10.18447  ,  Loss/giou: 0.75123  ,  Loss/l1: 0.13370  ,  Loss/location: 7.89384  ,  Loss/task_class: 0.11968  ,  Loss/activeness: 0.00000  ,  ActRate: 0.00000  ,  IoU: 0.35455
[train: 1, 1450 / 3125] FPS: 169.5 (181.3)  ,  Loss/total: 9.91038  ,  Loss/giou: 0.74242  ,  Loss/l1: 0.13119  ,  Loss/location: 7.65395  ,  Loss/task_class: 0.11564  ,  Loss/activeness: 0.00000  ,  ActRate: 0.00000  ,  IoU: 0.36187
[train: 1, 1500 / 3125] FPS: 169.5 (178.3)  ,  Loss/total: 9.65244  ,  Loss/giou: 0.73391  ,  Loss/l1: 0.12875  ,  Loss/location: 7.42900  ,  Loss/task_class: 0.11186  ,  Loss/activeness: 0.00000  ,  ActRate: 0.00000  ,  IoU: 0.36886
[train: 1, 1550 / 3125] FPS: 169.7 (185.8)  ,  Loss/total: 9.40895  ,  Loss/giou: 0.72529  ,  Loss/l1: 0.12640  ,  Loss/location: 7.21785  ,  Loss/task_class: 0.10851  ,  Loss/activeness: 0.00000  ,  ActRate: 0.00000  ,  IoU: 0.37598
[train: 1, 1600 / 3125] FPS: 164.2 (7.9)  ,  Loss/total: 9.17648  ,  Loss/giou: 0.71648  ,  Loss/l1: 0.12401  ,  Loss/location: 7.01816  ,  Loss/task_class: 0.10530  ,  Loss/activeness: 0.00000  ,  ActRate: 0.00000  ,  IoU: 0.38312
[train: 1, 1650 / 3125] FPS: 154.1 (21.5)  ,  Loss/total: 8.96080  ,  Loss/giou: 0.70894  ,  Loss/l1: 0.12189  ,  Loss/location: 6.83131  ,  Loss/task_class: 0.10215  ,  Loss/activeness: 0.00000  ,  ActRate: 0.00000  ,  IoU: 0.38933
[train: 1, 1700 / 3125] FPS: 147.8 (17.2)  ,  Loss/total: 8.75549  ,  Loss/giou: 0.70139  ,  Loss/l1: 0.11982  ,  Loss/location: 6.65443  ,  Loss/task_class: 0.09917  ,  Loss/activeness: 0.00000  ,  ActRate: 0.00000  ,  IoU: 0.39553
[train: 1, 1750 / 3125] FPS: 137.0 (190.1)  ,  Loss/total: 8.56279  ,  Loss/giou: 0.69454  ,  Loss/l1: 0.11796  ,  Loss/location: 6.48746  ,  Loss/task_class: 0.09646  ,  Loss/activeness: 0.00000  ,  ActRate: 0.00000  ,  IoU: 0.40124
[train: 1, 1800 / 3125] FPS: 132.4 (190.0)  ,  Loss/total: 8.37918  ,  Loss/giou: 0.68772  ,  Loss/l1: 0.11613  ,  Loss/location: 6.32930  ,  Loss/task_class: 0.09381  ,  Loss/activeness: 0.00000  ,  ActRate: 0.00000  ,  IoU: 0.40688
[train: 1, 1850 / 3125] FPS: 130.9 (145.8)  ,  Loss/total: 8.20567  ,  Loss/giou: 0.68133  ,  Loss/l1: 0.11439  ,  Loss/location: 6.17970  ,  Loss/task_class: 0.09138  ,  Loss/activeness: 0.00000  ,  ActRate: 0.00000  ,  IoU: 0.41206
[train: 1, 1900 / 3125] FPS: 131.7 (176.8)  ,  Loss/total: 8.03979  ,  Loss/giou: 0.67502  ,  Loss/l1: 0.11270  ,  Loss/location: 6.03724  ,  Loss/task_class: 0.08900  ,  Loss/activeness: 0.00000  ,  ActRate: 0.00000  ,  IoU: 0.41723
[train: 1, 1950 / 3125] FPS: 132.6 (182.6)  ,  Loss/total: 7.88235  ,  Loss/giou: 0.66888  ,  Loss/l1: 0.11112  ,  Loss/location: 5.90222  ,  Loss/task_class: 0.08679  ,  Loss/activeness: 0.00000  ,  ActRate: 0.00000  ,  IoU: 0.42234
[train: 1, 2000 / 3125] FPS: 133.5 (182.5)  ,  Loss/total: 7.72916  ,  Loss/giou: 0.66234  ,  Loss/l1: 0.10946  ,  Loss/location: 5.77245  ,  Loss/task_class: 0.08474  ,  Loss/activeness: 0.00000  ,  ActRate: 0.00000  ,  IoU: 0.42765
[train: 1, 2050 / 3125] FPS: 134.3 (175.2)  ,  Loss/total: 7.58449  ,  Loss/giou: 0.65640  ,  Loss/l1: 0.10795  ,  Loss/location: 5.64925  ,  Loss/task_class: 0.08270  ,  Loss/activeness: 0.00000  ,  ActRate: 0.00000  ,  IoU: 0.43254
[train: 1, 2100 / 3125] FPS: 135.0 (165.6)  ,  Loss/total: 7.44584  ,  Loss/giou: 0.65060  ,  Loss/l1: 0.10647  ,  Loss/location: 5.53141  ,  Loss/task_class: 0.08089  ,  Loss/activeness: 0.00000  ,  ActRate: 0.00000  ,  IoU: 0.43733
[train: 1, 2150 / 3125] FPS: 135.4 (175.5)  ,  Loss/total: 7.31465  ,  Loss/giou: 0.64537  ,  Loss/l1: 0.10510  ,  Loss/location: 5.41936  ,  Loss/task_class: 0.07906  ,  Loss/activeness: 0.00000  ,  ActRate: 0.00000  ,  IoU: 0.44162
[train: 1, 2200 / 3125] FPS: 136.0 (171.3)  ,  Loss/total: 7.18903  ,  Loss/giou: 0.64028  ,  Loss/l1: 0.10383  ,  Loss/location: 5.31200  ,  Loss/task_class: 0.07733  ,  Loss/activeness: 0.00000  ,  ActRate: 0.00000  ,  IoU: 0.44589
[train: 1, 2250 / 3125] FPS: 136.7 (169.2)  ,  Loss/total: 7.06834  ,  Loss/giou: 0.63521  ,  Loss/l1: 0.10256  ,  Loss/location: 5.20934  ,  Loss/task_class: 0.07578  ,  Loss/activeness: 0.00000  ,  ActRate: 0.00000  ,  IoU: 0.45014
[train: 1, 2300 / 3125] FPS: 135.9 (186.9)  ,  Loss/total: 6.95223  ,  Loss/giou: 0.63018  ,  Loss/l1: 0.10132  ,  Loss/location: 5.11105  ,  Loss/task_class: 0.07422  ,  Loss/activeness: 0.00000  ,  ActRate: 0.00000  ,  IoU: 0.45433
[train: 1, 2350 / 3125] FPS: 136.6 (171.3)  ,  Loss/total: 6.84065  ,  Loss/giou: 0.62534  ,  Loss/l1: 0.10009  ,  Loss/location: 5.01687  ,  Loss/task_class: 0.07265  ,  Loss/activeness: 0.00000  ,  ActRate: 0.00000  ,  IoU: 0.45826
[train: 1, 2400 / 3125] FPS: 137.3 (179.8)  ,  Loss/total: 6.73298  ,  Loss/giou: 0.62045  ,  Loss/l1: 0.09888  ,  Loss/location: 4.92646  ,  Loss/task_class: 0.07121  ,  Loss/activeness: 0.00000  ,  ActRate: 0.00000  ,  IoU: 0.46227
[train: 1, 2450 / 3125] FPS: 137.8 (183.6)  ,  Loss/total: 6.63097  ,  Loss/giou: 0.61591  ,  Loss/l1: 0.09778  ,  Loss/location: 4.84038  ,  Loss/task_class: 0.06989  ,  Loss/activeness: 0.00000  ,  ActRate: 0.00000  ,  IoU: 0.46602
[train: 1, 2500 / 3125] FPS: 138.4 (184.1)  ,  Loss/total: 6.53143  ,  Loss/giou: 0.61140  ,  Loss/l1: 0.09669  ,  Loss/location: 4.75667  ,  Loss/task_class: 0.06852  ,  Loss/activeness: 0.00000  ,  ActRate: 0.00000  ,  IoU: 0.46976
[train: 1, 2550 / 3125] FPS: 137.1 (191.8)  ,  Loss/total: 6.43625  ,  Loss/giou: 0.60724  ,  Loss/l1: 0.09564  ,  Loss/location: 4.67637  ,  Loss/task_class: 0.06718  ,  Loss/activeness: 0.00000  ,  ActRate: 0.00000  ,  IoU: 0.47320
[train: 1, 2600 / 3125] FPS: 133.6 (192.2)  ,  Loss/total: 6.34571  ,  Loss/giou: 0.60340  ,  Loss/l1: 0.09472  ,  Loss/location: 4.59940  ,  Loss/task_class: 0.06591  ,  Loss/activeness: 0.00000  ,  ActRate: 0.00000  ,  IoU: 0.47644
[train: 1, 2650 / 3125] FPS: 130.7 (192.0)  ,  Loss/total: 6.25601  ,  Loss/giou: 0.59926  ,  Loss/l1: 0.09371  ,  Loss/location: 4.52423  ,  Loss/task_class: 0.06474  ,  Loss/activeness: 0.00000  ,  ActRate: 0.00000  ,  IoU: 0.47979
[train: 1, 2700 / 3125] FPS: 128.2 (190.6)  ,  Loss/total: 6.17075  ,  Loss/giou: 0.59550  ,  Loss/l1: 0.09278  ,  Loss/location: 4.45226  ,  Loss/task_class: 0.06357  ,  Loss/activeness: 0.00000  ,  ActRate: 0.00000  ,  IoU: 0.48294
[train: 1, 2750 / 3125] FPS: 126.4 (189.5)  ,  Loss/total: 6.08855  ,  Loss/giou: 0.59182  ,  Loss/l1: 0.09189  ,  Loss/location: 4.38301  ,  Loss/task_class: 0.06246  ,  Loss/activeness: 0.00000  ,  ActRate: 0.00000  ,  IoU: 0.48596
[train: 1, 2800 / 3125] FPS: 127.0 (175.3)  ,  Loss/total: 6.00862  ,  Loss/giou: 0.58812  ,  Loss/l1: 0.09100  ,  Loss/location: 4.31602  ,  Loss/task_class: 0.06136  ,  Loss/activeness: 0.00000  ,  ActRate: 0.00000  ,  IoU: 0.48900
[train: 1, 2850 / 3125] FPS: 127.7 (184.9)  ,  Loss/total: 5.93038  ,  Loss/giou: 0.58423  ,  Loss/l1: 0.09010  ,  Loss/location: 4.25111  ,  Loss/task_class: 0.06030  ,  Loss/activeness: 0.00000  ,  ActRate: 0.00000  ,  IoU: 0.49220
[train: 1, 2900 / 3125] FPS: 128.4 (179.8)  ,  Loss/total: 5.85539  ,  Loss/giou: 0.58060  ,  Loss/l1: 0.08927  ,  Loss/location: 4.18861  ,  Loss/task_class: 0.05926  ,  Loss/activeness: 0.00000  ,  ActRate: 0.00000  ,  IoU: 0.49525
[train: 1, 2950 / 3125] FPS: 129.0 (181.6)  ,  Loss/total: 5.78297  ,  Loss/giou: 0.57728  ,  Loss/l1: 0.08846  ,  Loss/location: 4.12785  ,  Loss/task_class: 0.05827  ,  Loss/activeness: 0.00000  ,  ActRate: 0.00000  ,  IoU: 0.49800
[train: 1, 3000 / 3125] FPS: 129.6 (181.8)  ,  Loss/total: 5.71217  ,  Loss/giou: 0.57377  ,  Loss/l1: 0.08765  ,  Loss/location: 4.06911  ,  Loss/task_class: 0.05730  ,  Loss/activeness: 0.00000  ,  ActRate: 0.00000  ,  IoU: 0.50089
[train: 1, 3050 / 3125] FPS: 130.2 (184.9)  ,  Loss/total: 5.64383  ,  Loss/giou: 0.57037  ,  Loss/l1: 0.08685  ,  Loss/location: 4.01248  ,  Loss/task_class: 0.05638  ,  Loss/activeness: 0.00000  ,  ActRate: 0.00000  ,  IoU: 0.50365
[train: 1, 3100 / 3125] FPS: 130.8 (181.4)  ,  Loss/total: 5.57709  ,  Loss/giou: 0.56700  ,  Loss/l1: 0.08606  ,  Loss/location: 3.95727  ,  Loss/task_class: 0.05552  ,  Loss/activeness: 0.00000  ,  ActRate: 0.00000  ,  IoU: 0.50639
[train: 1, 3125 / 3125] FPS: 131.1 (191.7)  ,  Loss/total: 5.54495  ,  Loss/giou: 0.56543  ,  Loss/l1: 0.08569  ,  Loss/location: 3.93054  ,  Loss/task_class: 0.05509  ,  Loss/activeness: 0.00000  ,  ActRate: 0.00000  ,  IoU: 0.50769
[train: 2, 50 / 3125] FPS: 142.2 (188.6)  ,  Loss/total: 1.47253  ,  Loss/giou: 0.35399  ,  Loss/l1: 0.03709  ,  Loss/location: 0.57881  ,  Loss/task_class: 0.00030  ,  Loss/activeness: 0.00000  ,  ActRate: 0.00000  ,  IoU: 0.68179
[train: 2, 100 / 3125] FPS: 158.9 (181.6)  ,  Loss/total: 1.51071  ,  Loss/giou: 0.36322  ,  Loss/l1: 0.03872  ,  Loss/location: 0.59028  ,  Loss/task_class: 0.00039  ,  Loss/activeness: 0.00000  ,  ActRate: 0.00000  ,  IoU: 0.67464
[train: 2, 150 / 3125] FPS: 165.8 (165.4)  ,  Loss/total: 1.49291  ,  Loss/giou: 0.35804  ,  Loss/l1: 0.03819  ,  Loss/location: 0.58499  ,  Loss/task_class: 0.00089  ,  Loss/activeness: 0.00000  ,  ActRate: 0.00000  ,  IoU: 0.67881
[train: 2, 200 / 3125] FPS: 168.5 (187.2)  ,  Loss/total: 1.48978  ,  Loss/giou: 0.35725  ,  Loss/l1: 0.03800  ,  Loss/location: 0.58443  ,  Loss/task_class: 0.00087  ,  Loss/activeness: 0.00000  ,  ActRate: 0.00000  ,  IoU: 0.67938
[train: 2, 250 / 3125] FPS: 171.1 (180.1)  ,  Loss/total: 1.48762  ,  Loss/giou: 0.35690  ,  Loss/l1: 0.03802  ,  Loss/location: 0.58279  ,  Loss/task_class: 0.00095  ,  Loss/activeness: 0.00000  ,  ActRate: 0.00000  ,  IoU: 0.67955
[train: 2, 300 / 3125] FPS: 171.8 (173.3)  ,  Loss/total: 1.48420  ,  Loss/giou: 0.35539  ,  Loss/l1: 0.03786  ,  Loss/location: 0.58237  ,  Loss/task_class: 0.00174  ,  Loss/activeness: 0.00000  ,  ActRate: 0.00000  ,  IoU: 0.68066
[train: 2, 350 / 3125] FPS: 171.0 (185.7)  ,  Loss/total: 1.47949  ,  Loss/giou: 0.35535  ,  Loss/l1: 0.03788  ,  Loss/location: 0.57747  ,  Loss/task_class: 0.00191  ,  Loss/activeness: 0.00000  ,  ActRate: 0.00000  ,  IoU: 0.68064
[train: 2, 400 / 3125] FPS: 171.7 (173.3)  ,  Loss/total: 1.47687  ,  Loss/giou: 0.35496  ,  Loss/l1: 0.03785  ,  Loss/location: 0.57595  ,  Loss/task_class: 0.00177  ,  Loss/activeness: 0.00000  ,  ActRate: 0.00000  ,  IoU: 0.68108
[train: 2, 450 / 3125] FPS: 172.6 (167.6)  ,  Loss/total: 1.47713  ,  Loss/giou: 0.35518  ,  Loss/l1: 0.03797  ,  Loss/location: 0.57531  ,  Loss/task_class: 0.00160  ,  Loss/activeness: 0.00000  ,  ActRate: 0.00000  ,  IoU: 0.68112
[train: 2, 500 / 3125] FPS: 173.1 (178.7)  ,  Loss/total: 1.47201  ,  Loss/giou: 0.35373  ,  Loss/l1: 0.03772  ,  Loss/location: 0.57447  ,  Loss/task_class: 0.00149  ,  Loss/activeness: 0.00000  ,  ActRate: 0.00000  ,  IoU: 0.68218
[train: 2, 550 / 3125] FPS: 173.5 (182.8)  ,  Loss/total: 1.46744  ,  Loss/giou: 0.35258  ,  Loss/l1: 0.03754  ,  Loss/location: 0.57315  ,  Loss/task_class: 0.00144  ,  Loss/activeness: 0.00000  ,  ActRate: 0.00000  ,  IoU: 0.68317
[train: 2, 600 / 3125] FPS: 172.0 (187.3)  ,  Loss/total: 1.46557  ,  Loss/giou: 0.35213  ,  Loss/l1: 0.03736  ,  Loss/location: 0.57303  ,  Loss/task_class: 0.00146  ,  Loss/activeness: 0.00000  ,  ActRate: 0.00000  ,  IoU: 0.68332
[train: 2, 650 / 3125] FPS: 172.5 (186.3)  ,  Loss/total: 1.46424  ,  Loss/giou: 0.35206  ,  Loss/l1: 0.03736  ,  Loss/location: 0.57166  ,  Loss/task_class: 0.00164  ,  Loss/activeness: 0.00000  ,  ActRate: 0.00000  ,  IoU: 0.68336
[train: 2, 700 / 3125] FPS: 172.6 (168.3)  ,  Loss/total: 1.46240  ,  Loss/giou: 0.35160  ,  Loss/l1: 0.03725  ,  Loss/location: 0.57127  ,  Loss/task_class: 0.00167  ,  Loss/activeness: 0.00000  ,  ActRate: 0.00000  ,  IoU: 0.68366
[train: 2, 750 / 3125] FPS: 172.8 (147.3)  ,  Loss/total: 1.45769  ,  Loss/giou: 0.35055  ,  Loss/l1: 0.03708  ,  Loss/location: 0.56950  ,  Loss/task_class: 0.00171  ,  Loss/activeness: 0.00000  ,  ActRate: 0.00000  ,  IoU: 0.68446
[train: 2, 800 / 3125] FPS: 173.2 (181.9)  ,  Loss/total: 1.45598  ,  Loss/giou: 0.35055  ,  Loss/l1: 0.03709  ,  Loss/location: 0.56783  ,  Loss/task_class: 0.00161  ,  Loss/activeness: 0.00000  ,  ActRate: 0.00000  ,  IoU: 0.68463
[train: 2, 850 / 3125] FPS: 172.3 (184.6)  ,  Loss/total: 1.45547  ,  Loss/giou: 0.35073  ,  Loss/l1: 0.03712  ,  Loss/location: 0.56689  ,  Loss/task_class: 0.00153  ,  Loss/activeness: 0.00000  ,  ActRate: 0.00000  ,  IoU: 0.68458
[train: 2, 900 / 3125] FPS: 172.7 (151.8)  ,  Loss/total: 1.45125  ,  Loss/giou: 0.34977  ,  Loss/l1: 0.03695  ,  Loss/location: 0.56553  ,  Loss/task_class: 0.00145  ,  Loss/activeness: 0.00000  ,  ActRate: 0.00000  ,  IoU: 0.68531
[train: 2, 950 / 3125] FPS: 172.9 (167.5)  ,  Loss/total: 1.45071  ,  Loss/giou: 0.34965  ,  Loss/l1: 0.03692  ,  Loss/location: 0.56514  ,  Loss/task_class: 0.00169  ,  Loss/activeness: 0.00000  ,  ActRate: 0.00000  ,  IoU: 0.68544
[train: 2, 1000 / 3125] FPS: 172.9 (184.6)  ,  Loss/total: 1.44621  ,  Loss/giou: 0.34857  ,  Loss/l1: 0.03680  ,  Loss/location: 0.56341  ,  Loss/task_class: 0.00164  ,  Loss/activeness: 0.00000  ,  ActRate: 0.00000  ,  IoU: 0.68634
[train: 2, 1050 / 3125] FPS: 173.2 (168.7)  ,  Loss/total: 1.44271  ,  Loss/giou: 0.34793  ,  Loss/l1: 0.03670  ,  Loss/location: 0.56164  ,  Loss/task_class: 0.00171  ,  Loss/activeness: 0.00000  ,  ActRate: 0.00000  ,  IoU: 0.68689
[train: 2, 1100 / 3125] FPS: 173.4 (169.5)  ,  Loss/total: 1.43984  ,  Loss/giou: 0.34738  ,  Loss/l1: 0.03660  ,  Loss/location: 0.56041  ,  Loss/task_class: 0.00164  ,  Loss/activeness: 0.00000  ,  ActRate: 0.00000  ,  IoU: 0.68734
[train: 2, 1150 / 3125] FPS: 173.8 (160.9)  ,  Loss/total: 1.43351  ,  Loss/giou: 0.34597  ,  Loss/l1: 0.03639  ,  Loss/location: 0.55804  ,  Loss/task_class: 0.00159  ,  Loss/activeness: 0.00000  ,  ActRate: 0.00000  ,  IoU: 0.68843
[train: 2, 1200 / 3125] FPS: 174.0 (189.4)  ,  Loss/total: 1.43051  ,  Loss/giou: 0.34535  ,  Loss/l1: 0.03631  ,  Loss/location: 0.55672  ,  Loss/task_class: 0.00153  ,  Loss/activeness: 0.00000  ,  ActRate: 0.00000  ,  IoU: 0.68889
[train: 2, 1250 / 3125] FPS: 174.3 (185.1)  ,  Loss/total: 1.42552  ,  Loss/giou: 0.34420  ,  Loss/l1: 0.03611  ,  Loss/location: 0.55511  ,  Loss/task_class: 0.00148  ,  Loss/activeness: 0.00000  ,  ActRate: 0.00000  ,  IoU: 0.68976
[train: 2, 1300 / 3125] FPS: 174.4 (182.2)  ,  Loss/total: 1.42375  ,  Loss/giou: 0.34365  ,  Loss/l1: 0.03607  ,  Loss/location: 0.55466  ,  Loss/task_class: 0.00142  ,  Loss/activeness: 0.00000  ,  ActRate: 0.00000  ,  IoU: 0.69028
[train: 2, 1350 / 3125] FPS: 174.7 (190.5)  ,  Loss/total: 1.42003  ,  Loss/giou: 0.34292  ,  Loss/l1: 0.03592  ,  Loss/location: 0.55323  ,  Loss/task_class: 0.00138  ,  Loss/activeness: 0.00000  ,  ActRate: 0.00000  ,  IoU: 0.69077
[train: 2, 1400 / 3125] FPS: 163.4 (55.6)  ,  Loss/total: 1.41748  ,  Loss/giou: 0.34261  ,  Loss/l1: 0.03589  ,  Loss/location: 0.55149  ,  Loss/task_class: 0.00135  ,  Loss/activeness: 0.00000  ,  ActRate: 0.00000  ,  IoU: 0.69112
[train: 2, 1450 / 3125] FPS: 153.5 (191.6)  ,  Loss/total: 1.41550  ,  Loss/giou: 0.34217  ,  Loss/l1: 0.03583  ,  Loss/location: 0.55072  ,  Loss/task_class: 0.00132  ,  Loss/activeness: 0.00000  ,  ActRate: 0.00000  ,  IoU: 0.69150
[train: 2, 1500 / 3125] FPS: 137.6 (20.7)  ,  Loss/total: 1.41251  ,  Loss/giou: 0.34137  ,  Loss/l1: 0.03575  ,  Loss/location: 0.54970  ,  Loss/task_class: 0.00131  ,  Loss/activeness: 0.00000  ,  ActRate: 0.00000  ,  IoU: 0.69221
[train: 2, 1550 / 3125] FPS: 132.4 (189.9)  ,  Loss/total: 1.40878  ,  Loss/giou: 0.34060  ,  Loss/l1: 0.03561  ,  Loss/location: 0.54827  ,  Loss/task_class: 0.00127  ,  Loss/activeness: 0.00000  ,  ActRate: 0.00000  ,  IoU: 0.69286
[train: 2, 1600 / 3125] FPS: 131.7 (187.6)  ,  Loss/total: 1.40596  ,  Loss/giou: 0.33999  ,  Loss/l1: 0.03555  ,  Loss/location: 0.54698  ,  Loss/task_class: 0.00124  ,  Loss/activeness: 0.00000  ,  ActRate: 0.00000  ,  IoU: 0.69345
[train: 2, 1650 / 3125] FPS: 130.7 (174.8)  ,  Loss/total: 1.40299  ,  Loss/giou: 0.33929  ,  Loss/l1: 0.03545  ,  Loss/location: 0.54595  ,  Loss/task_class: 0.00120  ,  Loss/activeness: 0.00000  ,  ActRate: 0.00000  ,  IoU: 0.69400
[train: 2, 1700 / 3125] FPS: 131.7 (182.6)  ,  Loss/total: 1.40214  ,  Loss/giou: 0.33895  ,  Loss/l1: 0.03540  ,  Loss/location: 0.54609  ,  Loss/task_class: 0.00118  ,  Loss/activeness: 0.00000  ,  ActRate: 0.00000  ,  IoU: 0.69427
[train: 2, 1750 / 3125] FPS: 132.7 (154.9)  ,  Loss/total: 1.39948  ,  Loss/giou: 0.33831  ,  Loss/l1: 0.03529  ,  Loss/location: 0.54495  ,  Loss/task_class: 0.00147  ,  Loss/activeness: 0.00000  ,  ActRate: 0.00000  ,  IoU: 0.69478
[train: 2, 1800 / 3125] FPS: 133.6 (182.2)  ,  Loss/total: 1.39816  ,  Loss/giou: 0.33795  ,  Loss/l1: 0.03526  ,  Loss/location: 0.54454  ,  Loss/task_class: 0.00144  ,  Loss/activeness: 0.00000  ,  ActRate: 0.00000  ,  IoU: 0.69514
[train: 2, 1850 / 3125] FPS: 134.5 (185.3)  ,  Loss/total: 1.39590  ,  Loss/giou: 0.33745  ,  Loss/l1: 0.03521  ,  Loss/location: 0.54352  ,  Loss/task_class: 0.00140  ,  Loss/activeness: 0.00000  ,  ActRate: 0.00000  ,  IoU: 0.69556
[train: 2, 1900 / 3125] FPS: 135.4 (183.3)  ,  Loss/total: 1.39292  ,  Loss/giou: 0.33683  ,  Loss/l1: 0.03511  ,  Loss/location: 0.54233  ,  Loss/task_class: 0.00137  ,  Loss/activeness: 0.00000  ,  ActRate: 0.00000  ,  IoU: 0.69603
[train: 2, 1950 / 3125] FPS: 136.3 (180.1)  ,  Loss/total: 1.39107  ,  Loss/giou: 0.33656  ,  Loss/l1: 0.03508  ,  Loss/location: 0.54120  ,  Loss/task_class: 0.00134  ,  Loss/activeness: 0.00000  ,  ActRate: 0.00000  ,  IoU: 0.69631
[train: 2, 2000 / 3125] FPS: 137.1 (186.0)  ,  Loss/total: 1.38829  ,  Loss/giou: 0.33592  ,  Loss/l1: 0.03500  ,  Loss/location: 0.54016  ,  Loss/task_class: 0.00131  ,  Loss/activeness: 0.00000  ,  ActRate: 0.00000  ,  IoU: 0.69691
[train: 2, 2050 / 3125] FPS: 137.9 (184.4)  ,  Loss/total: 1.38348  ,  Loss/giou: 0.33482  ,  Loss/l1: 0.03482  ,  Loss/location: 0.53847  ,  Loss/task_class: 0.00128  ,  Loss/activeness: 0.00000  ,  ActRate: 0.00000  ,  IoU: 0.69777
[train: 2, 2100 / 3125] FPS: 138.7 (186.7)  ,  Loss/total: 1.38152  ,  Loss/giou: 0.33439  ,  Loss/l1: 0.03479  ,  Loss/location: 0.53756  ,  Loss/task_class: 0.00125  ,  Loss/activeness: 0.00000  ,  ActRate: 0.00000  ,  IoU: 0.69818
[train: 2, 2150 / 3125] FPS: 139.4 (189.1)  ,  Loss/total: 1.37970  ,  Loss/giou: 0.33392  ,  Loss/l1: 0.03474  ,  Loss/location: 0.53684  ,  Loss/task_class: 0.00131  ,  Loss/activeness: 0.00000  ,  ActRate: 0.00000  ,  IoU: 0.69862
[train: 2, 2200 / 3125] FPS: 140.2 (162.8)  ,  Loss/total: 1.37662  ,  Loss/giou: 0.33327  ,  Loss/l1: 0.03466  ,  Loss/location: 0.53548  ,  Loss/task_class: 0.00130  ,  Loss/activeness: 0.00000  ,  ActRate: 0.00000  ,  IoU: 0.69915
[train: 2, 2250 / 3125] FPS: 140.8 (183.9)  ,  Loss/total: 1.37455  ,  Loss/giou: 0.33287  ,  Loss/l1: 0.03458  ,  Loss/location: 0.53461  ,  Loss/task_class: 0.00128  ,  Loss/activeness: 0.00000  ,  ActRate: 0.00000  ,  IoU: 0.69943
[train: 2, 2300 / 3125] FPS: 141.5 (182.4)  ,  Loss/total: 1.37303  ,  Loss/giou: 0.33251  ,  Loss/l1: 0.03454  ,  Loss/location: 0.53406  ,  Loss/task_class: 0.00126  ,  Loss/activeness: 0.00000  ,  ActRate: 0.00000  ,  IoU: 0.69975
[train: 2, 2350 / 3125] FPS: 142.1 (181.6)  ,  Loss/total: 1.36991  ,  Loss/giou: 0.33189  ,  Loss/l1: 0.03444  ,  Loss/location: 0.53264  ,  Loss/task_class: 0.00131  ,  Loss/activeness: 0.00000  ,  ActRate: 0.00000  ,  IoU: 0.70030
[train: 2, 2400 / 3125] FPS: 142.7 (186.4)  ,  Loss/total: 1.36734  ,  Loss/giou: 0.33135  ,  Loss/l1: 0.03438  ,  Loss/location: 0.53145  ,  Loss/task_class: 0.00129  ,  Loss/activeness: 0.00000  ,  ActRate: 0.00000  ,  IoU: 0.70079
[train: 2, 2450 / 3125] FPS: 143.2 (170.5)  ,  Loss/total: 1.36519  ,  Loss/giou: 0.33088  ,  Loss/l1: 0.03435  ,  Loss/location: 0.53043  ,  Loss/task_class: 0.00126  ,  Loss/activeness: 0.00000  ,  ActRate: 0.00000  ,  IoU: 0.70123
[train: 2, 2500 / 3125] FPS: 143.8 (187.3)  ,  Loss/total: 1.36292  ,  Loss/giou: 0.33036  ,  Loss/l1: 0.03428  ,  Loss/location: 0.52955  ,  Loss/task_class: 0.00124  ,  Loss/activeness: 0.00000  ,  ActRate: 0.00000  ,  IoU: 0.70170
[train: 2, 2550 / 3125] FPS: 144.4 (187.7)  ,  Loss/total: 1.36155  ,  Loss/giou: 0.33007  ,  Loss/l1: 0.03426  ,  Loss/location: 0.52884  ,  Loss/task_class: 0.00129  ,  Loss/activeness: 0.00000  ,  ActRate: 0.00000  ,  IoU: 0.70196
[train: 2, 2600 / 3125] FPS: 144.9 (186.7)  ,  Loss/total: 1.35978  ,  Loss/giou: 0.32966  ,  Loss/l1: 0.03419  ,  Loss/location: 0.52804  ,  Loss/task_class: 0.00146  ,  Loss/activeness: 0.00000  ,  ActRate: 0.00000  ,  IoU: 0.70232
[train: 2, 2650 / 3125] FPS: 145.3 (164.9)  ,  Loss/total: 1.35806  ,  Loss/giou: 0.32926  ,  Loss/l1: 0.03413  ,  Loss/location: 0.52744  ,  Loss/task_class: 0.00147  ,  Loss/activeness: 0.00000  ,  ActRate: 0.00000  ,  IoU: 0.70263
[train: 2, 2700 / 3125] FPS: 145.5 (183.6)  ,  Loss/total: 1.35635  ,  Loss/giou: 0.32888  ,  Loss/l1: 0.03407  ,  Loss/location: 0.52679  ,  Loss/task_class: 0.00144  ,  Loss/activeness: 0.00000  ,  ActRate: 0.00000  ,  IoU: 0.70297
[train: 2, 2750 / 3125] FPS: 146.0 (187.2)  ,  Loss/total: 1.35387  ,  Loss/giou: 0.32833  ,  Loss/l1: 0.03401  ,  Loss/location: 0.52573  ,  Loss/task_class: 0.00142  ,  Loss/activeness: 0.00000  ,  ActRate: 0.00000  ,  IoU: 0.70344
[train: 2, 2800 / 3125] FPS: 146.4 (176.7)  ,  Loss/total: 1.35235  ,  Loss/giou: 0.32797  ,  Loss/l1: 0.03397  ,  Loss/location: 0.52518  ,  Loss/task_class: 0.00140  ,  Loss/activeness: 0.00000  ,  ActRate: 0.00000  ,  IoU: 0.70379
[train: 2, 2850 / 3125] FPS: 146.8 (186.4)  ,  Loss/total: 1.35066  ,  Loss/giou: 0.32763  ,  Loss/l1: 0.03391  ,  Loss/location: 0.52444  ,  Loss/task_class: 0.00139  ,  Loss/activeness: 0.00000  ,  ActRate: 0.00000  ,  IoU: 0.70409
[train: 2, 2900 / 3125] FPS: 147.3 (182.4)  ,  Loss/total: 1.34916  ,  Loss/giou: 0.32727  ,  Loss/l1: 0.03388  ,  Loss/location: 0.52381  ,  Loss/task_class: 0.00142  ,  Loss/activeness: 0.00000  ,  ActRate: 0.00000  ,  IoU: 0.70442
[train: 2, 2950 / 3125] FPS: 147.7 (182.9)  ,  Loss/total: 1.34680  ,  Loss/giou: 0.32674  ,  Loss/l1: 0.03381  ,  Loss/location: 0.52287  ,  Loss/task_class: 0.00140  ,  Loss/activeness: 0.00000  ,  ActRate: 0.00000  ,  IoU: 0.70485
[train: 2, 3000 / 3125] FPS: 148.1 (186.0)  ,  Loss/total: 1.34488  ,  Loss/giou: 0.32632  ,  Loss/l1: 0.03376  ,  Loss/location: 0.52205  ,  Loss/task_class: 0.00138  ,  Loss/activeness: 0.00000  ,  ActRate: 0.00000  ,  IoU: 0.70521
[train: 2, 3050 / 3125] FPS: 148.5 (173.9)  ,  Loss/total: 1.34328  ,  Loss/giou: 0.32598  ,  Loss/l1: 0.03371  ,  Loss/location: 0.52139  ,  Loss/task_class: 0.00141  ,  Loss/activeness: 0.00000  ,  ActRate: 0.00000  ,  IoU: 0.70549
[train: 2, 3100 / 3125] FPS: 149.0 (184.9)  ,  Loss/total: 1.34187  ,  Loss/giou: 0.32563  ,  Loss/l1: 0.03366  ,  Loss/location: 0.52091  ,  Loss/task_class: 0.00139  ,  Loss/activeness: 0.00000  ,  ActRate: 0.00000  ,  IoU: 0.70579
[train: 2, 3125 / 3125] FPS: 149.2 (193.2)  ,  Loss/total: 1.34032  ,  Loss/giou: 0.32525  ,  Loss/l1: 0.03361  ,  Loss/location: 0.52041  ,  Loss/task_class: 0.00138  ,  Loss/activeness: 0.00000  ,  ActRate: 0.00000  ,  IoU: 0.70610
[train: 3, 50 / 3125] FPS: 142.3 (189.0)  ,  Loss/total: 1.14641  ,  Loss/giou: 0.28574  ,  Loss/l1: 0.02754  ,  Loss/location: 0.43665  ,  Loss/task_class: 0.00059  ,  Loss/activeness: 0.00000  ,  ActRate: 0.00000  ,  IoU: 0.73952
[train: 3, 100 / 3125] FPS: 159.5 (186.1)  ,  Loss/total: 1.18381  ,  Loss/giou: 0.29277  ,  Loss/l1: 0.02922  ,  Loss/location: 0.44796  ,  Loss/task_class: 0.00421  ,  Loss/activeness: 0.00000  ,  ActRate: 0.00000  ,  IoU: 0.73441
[train: 3, 150 / 3125] FPS: 166.5 (183.9)  ,  Loss/total: 1.19945  ,  Loss/giou: 0.29484  ,  Loss/l1: 0.02963  ,  Loss/location: 0.45778  ,  Loss/task_class: 0.00382  ,  Loss/activeness: 0.00000  ,  ActRate: 0.00000  ,  IoU: 0.73252
[train: 3, 200 / 3125] FPS: 170.4 (173.2)  ,  Loss/total: 1.20750  ,  Loss/giou: 0.29610  ,  Loss/l1: 0.02976  ,  Loss/location: 0.46361  ,  Loss/task_class: 0.00287  ,  Loss/activeness: 0.00000  ,  ActRate: 0.00000  ,  IoU: 0.73192
[train: 3, 250 / 3125] FPS: 170.4 (159.7)  ,  Loss/total: 1.20070  ,  Loss/giou: 0.29409  ,  Loss/l1: 0.02941  ,  Loss/location: 0.46317  ,  Loss/task_class: 0.00231  ,  Loss/activeness: 0.00000  ,  ActRate: 0.00000  ,  IoU: 0.73297
[train: 3, 300 / 3125] FPS: 171.3 (183.6)  ,  Loss/total: 1.19793  ,  Loss/giou: 0.29359  ,  Loss/l1: 0.02943  ,  Loss/location: 0.46031  ,  Loss/task_class: 0.00327  ,  Loss/activeness: 0.00000  ,  ActRate: 0.00000  ,  IoU: 0.73361
[train: 3, 350 / 3125] FPS: 172.3 (168.3)  ,  Loss/total: 1.20284  ,  Loss/giou: 0.29390  ,  Loss/l1: 0.02950  ,  Loss/location: 0.46473  ,  Loss/task_class: 0.00281  ,  Loss/activeness: 0.00000  ,  ActRate: 0.00000  ,  IoU: 0.73328
[train: 3, 400 / 3125] FPS: 173.2 (186.1)  ,  Loss/total: 1.20466  ,  Loss/giou: 0.29463  ,  Loss/l1: 0.02962  ,  Loss/location: 0.46486  ,  Loss/task_class: 0.00246  ,  Loss/activeness: 0.00000  ,  ActRate: 0.00000  ,  IoU: 0.73274
[train: 3, 450 / 3125] FPS: 173.2 (153.7)  ,  Loss/total: 1.20261  ,  Loss/giou: 0.29409  ,  Loss/l1: 0.02956  ,  Loss/location: 0.46442  ,  Loss/task_class: 0.00221  ,  Loss/activeness: 0.00000  ,  ActRate: 0.00000  ,  IoU: 0.73296
[train: 3, 500 / 3125] FPS: 173.2 (158.0)  ,  Loss/total: 1.20053  ,  Loss/giou: 0.29331  ,  Loss/l1: 0.02953  ,  Loss/location: 0.46406  ,  Loss/task_class: 0.00221  ,  Loss/activeness: 0.00000  ,  ActRate: 0.00000  ,  IoU: 0.73356
[train: 3, 550 / 3125] FPS: 173.3 (185.9)  ,  Loss/total: 1.20179  ,  Loss/giou: 0.29361  ,  Loss/l1: 0.02957  ,  Loss/location: 0.46453  ,  Loss/task_class: 0.00217  ,  Loss/activeness: 0.00000  ,  ActRate: 0.00000  ,  IoU: 0.73342
[train: 3, 600 / 3125] FPS: 172.9 (169.3)  ,  Loss/total: 1.20055  ,  Loss/giou: 0.29348  ,  Loss/l1: 0.02949  ,  Loss/location: 0.46380  ,  Loss/task_class: 0.00236  ,  Loss/activeness: 0.00000  ,  ActRate: 0.00000  ,  IoU: 0.73354
[train: 3, 650 / 3125] FPS: 172.9 (174.9)  ,  Loss/total: 1.19993  ,  Loss/giou: 0.29374  ,  Loss/l1: 0.02944  ,  Loss/location: 0.46280  ,  Loss/task_class: 0.00243  ,  Loss/activeness: 0.00000  ,  ActRate: 0.00000  ,  IoU: 0.73342
[train: 3, 700 / 3125] FPS: 172.8 (156.0)  ,  Loss/total: 1.19706  ,  Loss/giou: 0.29337  ,  Loss/l1: 0.02929  ,  Loss/location: 0.46159  ,  Loss/task_class: 0.00227  ,  Loss/activeness: 0.00000  ,  ActRate: 0.00000  ,  IoU: 0.73355
[train: 3, 750 / 3125] FPS: 173.1 (167.7)  ,  Loss/total: 1.19577  ,  Loss/giou: 0.29329  ,  Loss/l1: 0.02932  ,  Loss/location: 0.46048  ,  Loss/task_class: 0.00212  ,  Loss/activeness: 0.00000  ,  ActRate: 0.00000  ,  IoU: 0.73375
[train: 3, 800 / 3125] FPS: 173.4 (167.4)  ,  Loss/total: 1.19239  ,  Loss/giou: 0.29239  ,  Loss/l1: 0.02915  ,  Loss/location: 0.45988  ,  Loss/task_class: 0.00199  ,  Loss/activeness: 0.00000  ,  ActRate: 0.00000  ,  IoU: 0.73441
[train: 3, 850 / 3125] FPS: 173.4 (185.2)  ,  Loss/total: 1.19187  ,  Loss/giou: 0.29225  ,  Loss/l1: 0.02916  ,  Loss/location: 0.45932  ,  Loss/task_class: 0.00224  ,  Loss/activeness: 0.00000  ,  ActRate: 0.00000  ,  IoU: 0.73460
[train: 3, 900 / 3125] FPS: 173.5 (181.5)  ,  Loss/total: 1.19012  ,  Loss/giou: 0.29181  ,  Loss/l1: 0.02911  ,  Loss/location: 0.45882  ,  Loss/task_class: 0.00212  ,  Loss/activeness: 0.00000  ,  ActRate: 0.00000  ,  IoU: 0.73498
[train: 3, 950 / 3125] FPS: 173.6 (184.3)  ,  Loss/total: 1.18819  ,  Loss/giou: 0.29125  ,  Loss/l1: 0.02905  ,  Loss/location: 0.45846  ,  Loss/task_class: 0.00202  ,  Loss/activeness: 0.00000  ,  ActRate: 0.00000  ,  IoU: 0.73539
[train: 3, 1000 / 3125] FPS: 173.8 (185.3)  ,  Loss/total: 1.18872  ,  Loss/giou: 0.29118  ,  Loss/l1: 0.02907  ,  Loss/location: 0.45900  ,  Loss/task_class: 0.00200  ,  Loss/activeness: 0.00000  ,  ActRate: 0.00000  ,  IoU: 0.73545
[train: 3, 1050 / 3125] FPS: 173.7 (162.1)  ,  Loss/total: 1.18945  ,  Loss/giou: 0.29136  ,  Loss/l1: 0.02912  ,  Loss/location: 0.45919  ,  Loss/task_class: 0.00193  ,  Loss/activeness: 0.00000  ,  ActRate: 0.00000  ,  IoU: 0.73535
[train: 3, 1100 / 3125] FPS: 173.5 (184.9)  ,  Loss/total: 1.18947  ,  Loss/giou: 0.29114  ,  Loss/l1: 0.02915  ,  Loss/location: 0.45960  ,  Loss/task_class: 0.00184  ,  Loss/activeness: 0.00000  ,  ActRate: 0.00000  ,  IoU: 0.73557
[train: 3, 1150 / 3125] FPS: 173.4 (180.7)  ,  Loss/total: 1.18924  ,  Loss/giou: 0.29117  ,  Loss/l1: 0.02916  ,  Loss/location: 0.45934  ,  Loss/task_class: 0.00176  ,  Loss/activeness: 0.00000  ,  ActRate: 0.00000  ,  IoU: 0.73558
[train: 3, 1200 / 3125] FPS: 173.3 (175.9)  ,  Loss/total: 1.18818  ,  Loss/giou: 0.29105  ,  Loss/l1: 0.02913  ,  Loss/location: 0.45874  ,  Loss/task_class: 0.00169  ,  Loss/activeness: 0.00000  ,  ActRate: 0.00000  ,  IoU: 0.73563
[train: 3, 1250 / 3125] FPS: 173.4 (152.3)  ,  Loss/total: 1.18742  ,  Loss/giou: 0.29071  ,  Loss/l1: 0.02910  ,  Loss/location: 0.45877  ,  Loss/task_class: 0.00175  ,  Loss/activeness: 0.00000  ,  ActRate: 0.00000  ,  IoU: 0.73592
[train: 3, 1300 / 3125] FPS: 173.5 (150.7)  ,  Loss/total: 1.18601  ,  Loss/giou: 0.29046  ,  Loss/l1: 0.02909  ,  Loss/location: 0.45795  ,  Loss/task_class: 0.00169  ,  Loss/activeness: 0.00000  ,  ActRate: 0.00000  ,  IoU: 0.73620
[train: 3, 1350 / 3125] FPS: 172.6 (181.8)  ,  Loss/total: 1.18287  ,  Loss/giou: 0.28956  ,  Loss/l1: 0.02894  ,  Loss/location: 0.45691  ,  Loss/task_class: 0.00217  ,  Loss/activeness: 0.00000  ,  ActRate: 0.00000  ,  IoU: 0.73685
[train: 3, 1400 / 3125] FPS: 172.7 (182.7)  ,  Loss/total: 1.18273  ,  Loss/giou: 0.28936  ,  Loss/l1: 0.02894  ,  Loss/location: 0.45718  ,  Loss/task_class: 0.00215  ,  Loss/activeness: 0.00000  ,  ActRate: 0.00000  ,  IoU: 0.73702
[train: 3, 1450 / 3125] FPS: 173.0 (163.6)  ,  Loss/total: 1.18354  ,  Loss/giou: 0.28943  ,  Loss/l1: 0.02899  ,  Loss/location: 0.45760  ,  Loss/task_class: 0.00213  ,  Loss/activeness: 0.00000  ,  ActRate: 0.00000  ,  IoU: 0.73701
[train: 3, 1500 / 3125] FPS: 173.2 (185.4)  ,  Loss/total: 1.18137  ,  Loss/giou: 0.28905  ,  Loss/l1: 0.02894  ,  Loss/location: 0.45645  ,  Loss/task_class: 0.00211  ,  Loss/activeness: 0.00000  ,  ActRate: 0.00000  ,  IoU: 0.73731
[train: 3, 1550 / 3125] FPS: 173.4 (178.4)  ,  Loss/total: 1.18057  ,  Loss/giou: 0.28897  ,  Loss/l1: 0.02896  ,  Loss/location: 0.45579  ,  Loss/task_class: 0.00204  ,  Loss/activeness: 0.00000  ,  ActRate: 0.00000  ,  IoU: 0.73742
[train: 3, 1600 / 3125] FPS: 173.5 (175.7)  ,  Loss/total: 1.17769  ,  Loss/giou: 0.28828  ,  Loss/l1: 0.02886  ,  Loss/location: 0.45488  ,  Loss/task_class: 0.00198  ,  Loss/activeness: 0.00000  ,  ActRate: 0.00000  ,  IoU: 0.73796
[train: 3, 1650 / 3125] FPS: 173.6 (163.9)  ,  Loss/total: 1.17668  ,  Loss/giou: 0.28801  ,  Loss/l1: 0.02880  ,  Loss/location: 0.45465  ,  Loss/task_class: 0.00205  ,  Loss/activeness: 0.00000  ,  ActRate: 0.00000  ,  IoU: 0.73816
[train: 3, 1700 / 3125] FPS: 173.6 (172.2)  ,  Loss/total: 1.17529  ,  Loss/giou: 0.28759  ,  Loss/l1: 0.02872  ,  Loss/location: 0.45450  ,  Loss/task_class: 0.00199  ,  Loss/activeness: 0.00000  ,  ActRate: 0.00000  ,  IoU: 0.73848
[train: 3, 1750 / 3125] FPS: 173.4 (155.1)  ,  Loss/total: 1.17300  ,  Loss/giou: 0.28704  ,  Loss/l1: 0.02866  ,  Loss/location: 0.45366  ,  Loss/task_class: 0.00193  ,  Loss/activeness: 0.00000  ,  ActRate: 0.00000  ,  IoU: 0.73894
